2019-10-31 14:29:20: Thu, 31 Oct 2019 06:29:20 GMT express-session deprecated undefined resave option; provide resave option at app.js:47:9
2019-10-31 14:29:20: Thu, 31 Oct 2019 06:29:20 GMT express-session deprecated undefined saveUninitialized option; provide saveUninitialized option at app.js:47:9
2019-10-31 15:14:42: Thu, 31 Oct 2019 07:14:42 GMT express-session deprecated undefined resave option; provide resave option at app.js:47:9
2019-10-31 15:14:42: Thu, 31 Oct 2019 07:14:42 GMT express-session deprecated undefined saveUninitialized option; provide saveUninitialized option at app.js:47:9
2019-10-31 15:14:45: Thu, 31 Oct 2019 07:14:45 GMT express-session deprecated undefined resave option; provide resave option at app.js:47:9
2019-10-31 15:14:45: Thu, 31 Oct 2019 07:14:45 GMT express-session deprecated undefined saveUninitialized option; provide saveUninitialized option at app.js:47:9
2019-10-31 15:14:48: Thu, 31 Oct 2019 07:14:48 GMT express-session deprecated undefined resave option; provide resave option at app.js:47:9
2019-10-31 15:14:48: Thu, 31 Oct 2019 07:14:48 GMT express-session deprecated undefined saveUninitialized option; provide saveUninitialized option at app.js:47:9
2019-10-31 15:14:51: Thu, 31 Oct 2019 07:14:51 GMT express-session deprecated undefined resave option; provide resave option at app.js:47:9
2019-10-31 15:14:51: Thu, 31 Oct 2019 07:14:51 GMT express-session deprecated undefined saveUninitialized option; provide saveUninitialized option at app.js:47:9
2019-10-31 15:14:54: Thu, 31 Oct 2019 07:14:54 GMT express-session deprecated undefined resave option; provide resave option at app.js:47:9
2019-10-31 15:14:54: Thu, 31 Oct 2019 07:14:54 GMT express-session deprecated undefined saveUninitialized option; provide saveUninitialized option at app.js:47:9
2019-10-31 15:14:56: Thu, 31 Oct 2019 07:14:56 GMT express-session deprecated undefined resave option; provide resave option at app.js:47:9
2019-10-31 15:14:56: Thu, 31 Oct 2019 07:14:56 GMT express-session deprecated undefined saveUninitialized option; provide saveUninitialized option at app.js:47:9
2019-10-31 15:15:00: Thu, 31 Oct 2019 07:15:00 GMT express-session deprecated undefined resave option; provide resave option at app.js:47:9
2019-10-31 15:15:00: Thu, 31 Oct 2019 07:15:00 GMT express-session deprecated undefined saveUninitialized option; provide saveUninitialized option at app.js:47:9
2019-10-31 15:15:03: Thu, 31 Oct 2019 07:15:03 GMT express-session deprecated undefined resave option; provide resave option at app.js:47:9
2019-10-31 15:15:03: Thu, 31 Oct 2019 07:15:03 GMT express-session deprecated undefined saveUninitialized option; provide saveUninitialized option at app.js:47:9
Error: bind EADDRINUSE null:3002
    at listenOnMasterHandle (net.js:1420:16)
    at shared (internal/cluster/child.js:115:3)
    at Worker.send (internal/cluster/child.js:86:7)
    at process.onInternalMessage (internal/cluster/utils.js:42:8)
    at emitTwo (events.js:131:20)
    at process.emit (events.js:214:7)
    at emit (internal/child_process.js:762:12)
    at _combinedTickCallback (internal/process/next_tick.js:142:11)
    at process._tickCallback (internal/process/next_tick.js:181:9)
2019-10-31 15:15:06: Thu, 31 Oct 2019 07:15:06 GMT express-session deprecated undefined resave option; provide resave option at app.js:47:9
2019-10-31 15:15:06: Thu, 31 Oct 2019 07:15:06 GMT express-session deprecated undefined saveUninitialized option; provide saveUninitialized option at app.js:47:9
Error: bind EADDRINUSE null:3002
    at listenOnMasterHandle (net.js:1420:16)
    at shared (internal/cluster/child.js:115:3)
    at Worker.send (internal/cluster/child.js:86:7)
    at process.onInternalMessage (internal/cluster/utils.js:42:8)
    at emitTwo (events.js:131:20)
    at process.emit (events.js:214:7)
    at emit (internal/child_process.js:762:12)
    at _combinedTickCallback (internal/process/next_tick.js:142:11)
    at process._tickCallback (internal/process/next_tick.js:181:9)
2019-10-31 15:15:10: Thu, 31 Oct 2019 07:15:10 GMT express-session deprecated undefined resave option; provide resave option at app.js:47:9
2019-10-31 15:15:12: Thu, 31 Oct 2019 07:15:12 GMT express-session deprecated undefined resave option; provide resave option at app.js:47:9
2019-10-31 15:15:15: Thu, 31 Oct 2019 07:15:15 GMT express-session deprecated undefined resave option; provide resave option at app.js:47:9
2019-10-31 15:15:15: Thu, 31 Oct 2019 07:15:15 GMT express-session deprecated undefined saveUninitialized option; provide saveUninitialized option at app.js:47:9
Error: bind EADDRINUSE null:3002
    at listenOnMasterHandle (net.js:1420:16)
    at shared (internal/cluster/child.js:115:3)
    at Worker.send (internal/cluster/child.js:86:7)
    at process.onInternalMessage (internal/cluster/utils.js:42:8)
    at emitTwo (events.js:131:20)
    at process.emit (events.js:214:7)
    at emit (internal/child_process.js:762:12)
    at _combinedTickCallback (internal/process/next_tick.js:142:11)
    at process._tickCallback (internal/process/next_tick.js:181:9)
2019-10-31 15:15:18: Thu, 31 Oct 2019 07:15:18 GMT express-session deprecated undefined resave option; provide resave option at app.js:47:9
2019-10-31 15:15:18: Thu, 31 Oct 2019 07:15:18 GMT express-session deprecated undefined saveUninitialized option; provide saveUninitialized option at app.js:47:9
2019-10-31 15:15:22: Thu, 31 Oct 2019 07:15:22 GMT express-session deprecated undefined resave option; provide resave option at app.js:47:9
2019-10-31 15:15:22: Thu, 31 Oct 2019 07:15:22 GMT express-session deprecated undefined saveUninitialized option; provide saveUninitialized option at app.js:47:9
Error: bind EADDRINUSE null:3002
    at listenOnMasterHandle (net.js:1420:16)
    at shared (internal/cluster/child.js:115:3)
    at Worker.send (internal/cluster/child.js:86:7)
    at process.onInternalMessage (internal/cluster/utils.js:42:8)
    at emitTwo (events.js:131:20)
    at process.emit (events.js:214:7)
    at emit (internal/child_process.js:762:12)
    at _combinedTickCallback (internal/process/next_tick.js:142:11)
    at process._tickCallback (internal/process/next_tick.js:181:9)
2019-10-31 15:15:25: Thu, 31 Oct 2019 07:15:25 GMT express-session deprecated undefined resave option; provide resave option at app.js:47:9
2019-10-31 15:15:25: Thu, 31 Oct 2019 07:15:25 GMT express-session deprecated undefined saveUninitialized option; provide saveUninitialized option at app.js:47:9
2019-10-31 15:15:28: Thu, 31 Oct 2019 07:15:28 GMT express-session deprecated undefined resave option; provide resave option at app.js:47:9
2019-10-31 15:15:28: Thu, 31 Oct 2019 07:15:28 GMT express-session deprecated undefined saveUninitialized option; provide saveUninitialized option at app.js:47:9
2019-10-31 15:15:31: Thu, 31 Oct 2019 07:15:31 GMT express-session deprecated undefined resave option; provide resave option at app.js:47:9
2019-10-31 15:15:33: Thu, 31 Oct 2019 07:15:33 GMT express-session deprecated undefined resave option; provide resave option at app.js:47:9
2019-10-31 15:15:36: Thu, 31 Oct 2019 07:15:36 GMT express-session deprecated undefined resave option; provide resave option at app.js:47:9
2019-10-31 15:15:36: Thu, 31 Oct 2019 07:15:36 GMT express-session deprecated undefined saveUninitialized option; provide saveUninitialized option at app.js:47:9
2019-10-31 15:15:39: Thu, 31 Oct 2019 07:15:39 GMT express-session deprecated undefined resave option; provide resave option at app.js:47:9
2019-10-31 15:15:42: Thu, 31 Oct 2019 07:15:42 GMT express-session deprecated undefined resave option; provide resave option at app.js:47:9
2019-10-31 15:15:42: Thu, 31 Oct 2019 07:15:42 GMT express-session deprecated undefined saveUninitialized option; provide saveUninitialized option at app.js:47:9
2019-10-31 15:15:44: Thu, 31 Oct 2019 07:15:44 GMT express-session deprecated undefined resave option; provide resave option at app.js:47:9
2019-10-31 15:15:44: Thu, 31 Oct 2019 07:15:44 GMT express-session deprecated undefined saveUninitialized option; provide saveUninitialized option at app.js:47:9
2019-10-31 16:14:43: Thu, 31 Oct 2019 08:14:43 GMT express-session deprecated undefined resave option; provide resave option at app.js:47:9
2019-10-31 16:14:45: Thu, 31 Oct 2019 08:14:45 GMT express-session deprecated undefined resave option; provide resave option at app.js:47:9
2019-10-31 16:14:45: Thu, 31 Oct 2019 08:14:45 GMT express-session deprecated undefined saveUninitialized option; provide saveUninitialized option at app.js:47:9
2019-10-31 16:14:48: Thu, 31 Oct 2019 08:14:48 GMT express-session deprecated undefined resave option; provide resave option at app.js:47:9
2019-10-31 16:14:48: Thu, 31 Oct 2019 08:14:48 GMT express-session deprecated undefined saveUninitialized option; provide saveUninitialized option at app.js:47:9
2019-10-31 16:14:50: Thu, 31 Oct 2019 08:14:50 GMT express-session deprecated undefined resave option; provide resave option at app.js:47:9
2019-10-31 16:14:50: Thu, 31 Oct 2019 08:14:50 GMT express-session deprecated undefined saveUninitialized option; provide saveUninitialized option at app.js:47:9
2019-10-31 16:14:53: Thu, 31 Oct 2019 08:14:53 GMT express-session deprecated undefined resave option; provide resave option at app.js:47:9
2019-10-31 16:14:53: Thu, 31 Oct 2019 08:14:53 GMT express-session deprecated undefined saveUninitialized option; provide saveUninitialized option at app.js:47:9
2019-10-31 16:20:42: Thu, 31 Oct 2019 08:20:42 GMT express-session deprecated undefined resave option; provide resave option at app.js:47:9
2019-10-31 16:20:42: Thu, 31 Oct 2019 08:20:42 GMT express-session deprecated undefined saveUninitialized option; provide saveUninitialized option at app.js:47:9
2019-10-31 16:20:45: Thu, 31 Oct 2019 08:20:45 GMT express-session deprecated undefined resave option; provide resave option at app.js:47:9
2019-10-31 16:20:45: Thu, 31 Oct 2019 08:20:45 GMT express-session deprecated undefined saveUninitialized option; provide saveUninitialized option at app.js:47:9
2019-10-31 16:20:48: Thu, 31 Oct 2019 08:20:48 GMT express-session deprecated undefined resave option; provide resave option at app.js:47:9
2019-10-31 16:20:48: Thu, 31 Oct 2019 08:20:48 GMT express-session deprecated undefined saveUninitialized option; provide saveUninitialized option at app.js:47:9
2019-10-31 16:22:28: Thu, 31 Oct 2019 08:22:28 GMT express-session deprecated undefined resave option; provide resave option at app.js:47:9
2019-10-31 16:22:28: Thu, 31 Oct 2019 08:22:28 GMT express-session deprecated undefined saveUninitialized option; provide saveUninitialized option at app.js:47:9
2019-10-31 16:22:30: Thu, 31 Oct 2019 08:22:30 GMT express-session deprecated undefined resave option; provide resave option at app.js:47:9
2019-10-31 16:22:30: Thu, 31 Oct 2019 08:22:30 GMT express-session deprecated undefined saveUninitialized option; provide saveUninitialized option at app.js:47:9
2019-10-31 16:23:02: Thu, 31 Oct 2019 08:23:02 GMT express-session deprecated undefined resave option; provide resave option at app.js:47:9
2019-10-31 16:23:02: Thu, 31 Oct 2019 08:23:02 GMT express-session deprecated undefined saveUninitialized option; provide saveUninitialized option at app.js:47:9
2019-10-31 16:31:10: Thu, 31 Oct 2019 08:31:10 GMT express-session deprecated undefined resave option; provide resave option at app.js:47:9
2019-10-31 16:31:10: Thu, 31 Oct 2019 08:31:10 GMT express-session deprecated undefined saveUninitialized option; provide saveUninitialized option at app.js:47:9
2019-10-31 16:33:03: Thu, 31 Oct 2019 08:33:03 GMT express-session deprecated undefined resave option; provide resave option at app.js:47:9
2019-10-31 16:33:03: Thu, 31 Oct 2019 08:33:03 GMT express-session deprecated undefined saveUninitialized option; provide saveUninitialized option at app.js:47:9
2019-10-31 16:33:05: Thu, 31 Oct 2019 08:33:05 GMT express-session deprecated undefined resave option; provide resave option at app.js:47:9
2019-10-31 16:33:05: Thu, 31 Oct 2019 08:33:05 GMT express-session deprecated undefined saveUninitialized option; provide saveUninitialized option at app.js:47:9
2019-10-31 16:33:07: Thu, 31 Oct 2019 08:33:07 GMT express-session deprecated undefined resave option; provide resave option at app.js:47:9
2019-10-31 16:33:07: Thu, 31 Oct 2019 08:33:07 GMT express-session deprecated undefined saveUninitialized option; provide saveUninitialized option at app.js:47:9
2019-10-31 16:33:08: Thu, 31 Oct 2019 08:33:08 GMT express-session deprecated undefined resave option; provide resave option at app.js:47:9
2019-10-31 16:33:08: Thu, 31 Oct 2019 08:33:08 GMT express-session deprecated undefined saveUninitialized option; provide saveUninitialized option at app.js:47:9
