2019-10-31 14:29:21: init schedule tasks successfully
2019-10-31 14:29:21: connect to database successfully
2019-10-31 14:29:30: 2019-10-31T14:29:30+08:00
2019-10-31 14:30:30: 2019-10-31T14:30:30+08:00
2019-10-31 14:31:30: 2019-10-31T14:31:30+08:00
2019-10-31 14:32:30: 2019-10-31T14:32:30+08:00
2019-10-31 14:33:30: 2019-10-31T14:33:30+08:00
2019-10-31 14:34:30: 2019-10-31T14:34:30+08:00
2019-10-31 14:35:30: 2019-10-31T14:35:30+08:00
2019-10-31 14:36:30: 2019-10-31T14:36:30+08:00
2019-10-31 14:37:30: 2019-10-31T14:37:30+08:00
2019-10-31 14:38:30: 2019-10-31T14:38:30+08:00
2019-10-31 14:39:30: 2019-10-31T14:39:30+08:00
2019-10-31 14:40:30: 2019-10-31T14:40:30+08:00
2019-10-31 14:41:30: 2019-10-31T14:41:30+08:00
2019-10-31 14:42:30: 2019-10-31T14:42:30+08:00
2019-10-31 14:43:30: 2019-10-31T14:43:30+08:00
2019-10-31 14:44:30: 2019-10-31T14:44:30+08:00
2019-10-31 14:45:30: 2019-10-31T14:45:30+08:00
2019-10-31 14:46:30: 2019-10-31T14:46:30+08:00
2019-10-31 14:47:30: 2019-10-31T14:47:30+08:00
2019-10-31 14:48:30: 2019-10-31T14:48:30+08:00
2019-10-31 14:49:30: 2019-10-31T14:49:30+08:00
2019-10-31 14:50:30: 2019-10-31T14:50:30+08:00
2019-10-31 14:51:30: 2019-10-31T14:51:30+08:00
2019-10-31 14:52:30: 2019-10-31T14:52:30+08:00
2019-10-31 14:53:30: 2019-10-31T14:53:30+08:00
2019-10-31 14:54:30: 2019-10-31T14:54:30+08:00
2019-10-31 14:55:30: 2019-10-31T14:55:30+08:00
2019-10-31 14:56:30: 2019-10-31T14:56:30+08:00
2019-10-31 14:57:30: 2019-10-31T14:57:30+08:00
2019-10-31 14:58:30: 2019-10-31T14:58:30+08:00
2019-10-31 14:59:30: 2019-10-31T14:59:30+08:00
2019-10-31 15:00:30: 2019-10-31T15:00:30+08:00
2019-10-31 15:01:30: 2019-10-31T15:01:30+08:00
2019-10-31 15:02:30: 2019-10-31T15:02:30+08:00
2019-10-31 15:03:30: 2019-10-31T15:03:30+08:00
2019-10-31 15:04:30: 2019-10-31T15:04:30+08:00
2019-10-31 15:05:30: 2019-10-31T15:05:30+08:00
2019-10-31 15:06:30: 2019-10-31T15:06:30+08:00
2019-10-31 15:07:30: 2019-10-31T15:07:30+08:00
2019-10-31 15:08:30: 2019-10-31T15:08:30+08:00
2019-10-31 15:09:30: 2019-10-31T15:09:30+08:00
2019-10-31 15:10:30: 2019-10-31T15:10:30+08:00
2019-10-31 15:11:30: 2019-10-31T15:11:30+08:00
2019-10-31 15:12:30: 2019-10-31T15:12:30+08:00
2019-10-31 15:14:43: init schedule tasks successfully
2019-10-31 15:14:43: connect to database successfully
2019-10-31 15:14:46: init schedule tasks successfully
2019-10-31 15:14:48: init schedule tasks successfully
2019-10-31 15:14:50: init schedule tasks successfully
2019-10-31 15:14:53: init schedule tasks successfully
2019-10-31 15:14:55: init schedule tasks successfully
2019-10-31 15:14:58: init schedule tasks successfully
2019-10-31 15:15:01: init schedule tasks successfully
2019-10-31 15:15:07: init schedule tasks successfully
2019-10-31 15:15:10: init schedule tasks successfully
2019-10-31 15:15:13: init schedule tasks successfully
2019-10-31 15:15:15: init schedule tasks successfully
2019-10-31 15:15:18: init schedule tasks successfully
2019-10-31 15:15:22: init schedule tasks successfully
2019-10-31 15:15:24: init schedule tasks successfully
2019-10-31 15:15:27: init schedule tasks successfully
2019-10-31 15:15:30: init schedule tasks successfully
2019-10-31 15:15:32: init schedule tasks successfully
2019-10-31 15:15:34: init schedule tasks successfully
2019-10-31 15:15:34: connect to database successfully
2019-10-31 15:15:36: init schedule tasks successfully
2019-10-31 15:15:39: init schedule tasks successfully
2019-10-31 15:15:42: init schedule tasks successfully
2019-10-31 15:15:44: init schedule tasks successfully
2019-10-31 15:15:44: connect to database successfully
2019-10-31 15:16:30: 2019-10-31T15:16:30+08:00
2019-10-31 15:17:30: 2019-10-31T15:17:30+08:00
2019-10-31 15:18:30: 2019-10-31T15:18:30+08:00
2019-10-31 15:19:30: 2019-10-31T15:19:30+08:00
2019-10-31 15:20:30: 2019-10-31T15:20:30+08:00
2019-10-31 15:21:30: 2019-10-31T15:21:30+08:00
2019-10-31 15:22:30: 2019-10-31T15:22:30+08:00
2019-10-31 15:23:30: 2019-10-31T15:23:30+08:00
2019-10-31 15:24:30: 2019-10-31T15:24:30+08:00
2019-10-31 15:25:30: 2019-10-31T15:25:30+08:00
2019-10-31 15:26:30: 2019-10-31T15:26:30+08:00
2019-10-31 15:27:30: 2019-10-31T15:27:30+08:00
2019-10-31 15:28:30: 2019-10-31T15:28:30+08:00
2019-10-31 15:29:30: 2019-10-31T15:29:30+08:00
2019-10-31 15:30:30: 2019-10-31T15:30:30+08:00
2019-10-31 15:31:30: 2019-10-31T15:31:30+08:00
2019-10-31 15:32:30: 2019-10-31T15:32:30+08:00
2019-10-31 15:33:30: 2019-10-31T15:33:30+08:00
2019-10-31 15:34:30: 2019-10-31T15:34:30+08:00
2019-10-31 15:35:30: 2019-10-31T15:35:30+08:00
2019-10-31 15:36:30: 2019-10-31T15:36:30+08:00
2019-10-31 15:37:30: 2019-10-31T15:37:30+08:00
2019-10-31 15:38:30: 2019-10-31T15:38:30+08:00
2019-10-31 15:39:30: 2019-10-31T15:39:30+08:00
2019-10-31 15:40:30: 2019-10-31T15:40:30+08:00
2019-10-31 15:41:30: 2019-10-31T15:41:30+08:00
2019-10-31 15:42:30: 2019-10-31T15:42:30+08:00
2019-10-31 15:43:30: 2019-10-31T15:43:30+08:00
2019-10-31 15:44:30: 2019-10-31T15:44:30+08:00
2019-10-31 15:45:30: 2019-10-31T15:45:30+08:00
2019-10-31 15:46:30: 2019-10-31T15:46:30+08:00
2019-10-31 15:47:30: 2019-10-31T15:47:30+08:00
2019-10-31 15:48:30: 2019-10-31T15:48:30+08:00
2019-10-31 15:49:30: 2019-10-31T15:49:30+08:00
2019-10-31 15:50:30: 2019-10-31T15:50:30+08:00
2019-10-31 15:51:30: 2019-10-31T15:51:30+08:00
2019-10-31 15:52:30: 2019-10-31T15:52:30+08:00
2019-10-31 15:53:30: 2019-10-31T15:53:30+08:00
2019-10-31 15:54:30: 2019-10-31T15:54:30+08:00
2019-10-31 15:55:30: 2019-10-31T15:55:30+08:00
2019-10-31 15:56:30: 2019-10-31T15:56:30+08:00
2019-10-31 15:57:30: 2019-10-31T15:57:30+08:00
2019-10-31 15:58:30: 2019-10-31T15:58:30+08:00
2019-10-31 15:59:30: 2019-10-31T15:59:30+08:00
2019-10-31 16:00:30: 2019-10-31T16:00:30+08:00
2019-10-31 16:01:30: 2019-10-31T16:01:30+08:00
2019-10-31 16:02:30: 2019-10-31T16:02:30+08:00
2019-10-31 16:03:30: 2019-10-31T16:03:30+08:00
2019-10-31 16:04:30: 2019-10-31T16:04:30+08:00
2019-10-31 16:05:30: 2019-10-31T16:05:30+08:00
2019-10-31 16:06:30: 2019-10-31T16:06:30+08:00
2019-10-31 16:07:30: 2019-10-31T16:07:30+08:00
2019-10-31 16:08:30: 2019-10-31T16:08:30+08:00
2019-10-31 16:09:30: 2019-10-31T16:09:30+08:00
2019-10-31 16:10:30: 2019-10-31T16:10:30+08:00
2019-10-31 16:11:30: 2019-10-31T16:11:30+08:00
2019-10-31 16:12:30: 2019-10-31T16:12:30+08:00
2019-10-31 16:13:30: 2019-10-31T16:13:30+08:00
2019-10-31 16:14:30: 2019-10-31T16:14:30+08:00
2019-10-31 16:14:43: init schedule tasks successfully
2019-10-31 16:14:43: 100 { rss: 50262016,
  heapTotal: 37568512,
  heapUsed: 22418928,
  external: 479253 }
2019-10-31 16:14:43: 99 { rss: 50270208,
  heapTotal: 37568512,
  heapUsed: 22453536,
  external: 479253 }
2019-10-31 16:14:43: 98 { rss: 50270208,
  heapTotal: 37568512,
  heapUsed: 22462864,
  external: 479253 }
2019-10-31 16:14:43: 97 { rss: 50270208,
  heapTotal: 37568512,
  heapUsed: 22469424,
  external: 479253 }
2019-10-31 16:14:43: 96 { rss: 50270208,
  heapTotal: 37568512,
  heapUsed: 22476160,
  external: 479253 }
2019-10-31 16:14:43: 95 { rss: 50270208,
  heapTotal: 37568512,
  heapUsed: 22482592,
  external: 479253 }
2019-10-31 16:14:43: 94 { rss: 50270208,
  heapTotal: 37568512,
  heapUsed: 22489328,
  external: 479253 }
2019-10-31 16:14:43: 93 { rss: 50270208,
  heapTotal: 37568512,
  heapUsed: 22495760,
  external: 479253 }
2019-10-31 16:14:43: 92 { rss: 50270208,
  heapTotal: 37568512,
  heapUsed: 22502496,
  external: 479253 }
2019-10-31 16:14:43: 91 { rss: 50270208,
  heapTotal: 37568512,
  heapUsed: 22508928,
  external: 479253 }
2019-10-31 16:14:43: 90 { rss: 50270208,
  heapTotal: 37568512,
  heapUsed: 22515664,
  external: 479253 }
2019-10-31 16:14:43: 89 { rss: 50270208,
  heapTotal: 37568512,
  heapUsed: 22522096,
  external: 479253 }
2019-10-31 16:14:43: 88 { rss: 50270208,
  heapTotal: 37568512,
  heapUsed: 22528832,
  external: 479253 }
2019-10-31 16:14:43: 87 { rss: 50270208,
  heapTotal: 37568512,
  heapUsed: 22535264,
  external: 479253 }
2019-10-31 16:14:43: 86 { rss: 50270208,
  heapTotal: 37568512,
  heapUsed: 22542000,
  external: 479253 }
2019-10-31 16:14:43: 85 { rss: 50270208,
  heapTotal: 37568512,
  heapUsed: 22548432,
  external: 479253 }
2019-10-31 16:14:43: 84 { rss: 50270208,
  heapTotal: 37568512,
  heapUsed: 22555168,
  external: 479253 }
2019-10-31 16:14:43: 83 { rss: 50270208,
  heapTotal: 37568512,
  heapUsed: 22561632,
  external: 479253 }
2019-10-31 16:14:43: 82 { rss: 50270208,
  heapTotal: 37568512,
  heapUsed: 22568368,
  external: 479253 }
2019-10-31 16:14:43: 81 { rss: 50270208,
  heapTotal: 37568512,
  heapUsed: 22574800,
  external: 479253 }
2019-10-31 16:14:43: 80 { rss: 50270208,
  heapTotal: 37568512,
  heapUsed: 22581536,
  external: 479253 }
2019-10-31 16:14:43: 79 { rss: 50270208,
  heapTotal: 37568512,
  heapUsed: 22587968,
  external: 479253 }
2019-10-31 16:14:43: 78 { rss: 50270208,
  heapTotal: 37568512,
  heapUsed: 22594704,
  external: 479253 }
2019-10-31 16:14:43: 77 { rss: 50270208,
  heapTotal: 37568512,
  heapUsed: 22601136,
  external: 479253 }
2019-10-31 16:14:43: 76 { rss: 50270208,
  heapTotal: 37568512,
  heapUsed: 22607872,
  external: 479253 }
2019-10-31 16:14:43: 75 { rss: 50270208,
  heapTotal: 37568512,
  heapUsed: 22614400,
  external: 487445 }
2019-10-31 16:14:43: 74 { rss: 50270208,
  heapTotal: 37568512,
  heapUsed: 22621168,
  external: 487445 }
2019-10-31 16:14:43: 73 { rss: 50270208,
  heapTotal: 37568512,
  heapUsed: 22627600,
  external: 487445 }
2019-10-31 16:14:43: 72 { rss: 50270208,
  heapTotal: 37568512,
  heapUsed: 22634336,
  external: 487445 }
2019-10-31 16:14:43: 71 { rss: 50270208,
  heapTotal: 37568512,
  heapUsed: 22640768,
  external: 487445 }
2019-10-31 16:14:43: 70 { rss: 50270208,
  heapTotal: 37568512,
  heapUsed: 22647504,
  external: 487445 }
2019-10-31 16:14:43: 69 { rss: 50270208,
  heapTotal: 37568512,
  heapUsed: 22653936,
  external: 487445 }
2019-10-31 16:14:43: 68 { rss: 50270208,
  heapTotal: 37568512,
  heapUsed: 22660672,
  external: 487445 }
2019-10-31 16:14:43: 67 { rss: 50270208,
  heapTotal: 37568512,
  heapUsed: 22667104,
  external: 487445 }
2019-10-31 16:14:43: 66 { rss: 50270208,
  heapTotal: 37568512,
  heapUsed: 22673840,
  external: 487445 }
2019-10-31 16:14:43: 65 { rss: 50270208,
  heapTotal: 37568512,
  heapUsed: 22680272,
  external: 487445 }
2019-10-31 16:14:43: 64 { rss: 50270208,
  heapTotal: 37568512,
  heapUsed: 22687008,
  external: 487445 }
2019-10-31 16:14:43: 63 { rss: 50270208,
  heapTotal: 37568512,
  heapUsed: 22693440,
  external: 487445 }
2019-10-31 16:14:43: 62 { rss: 50270208,
  heapTotal: 37568512,
  heapUsed: 22700176,
  external: 487445 }
2019-10-31 16:14:43: 61 { rss: 50270208,
  heapTotal: 37568512,
  heapUsed: 22706608,
  external: 487445 }
2019-10-31 16:14:43: 60 { rss: 50270208,
  heapTotal: 37568512,
  heapUsed: 22713344,
  external: 487445 }
2019-10-31 16:14:43: 59 { rss: 50270208,
  heapTotal: 37568512,
  heapUsed: 22719776,
  external: 487445 }
2019-10-31 16:14:43: 58 { rss: 50270208,
  heapTotal: 37568512,
  heapUsed: 22726480,
  external: 487445 }
2019-10-31 16:14:43: 57 { rss: 50270208,
  heapTotal: 37568512,
  heapUsed: 22732912,
  external: 487445 }
2019-10-31 16:14:43: 56 { rss: 50270208,
  heapTotal: 37568512,
  heapUsed: 22739648,
  external: 487445 }
2019-10-31 16:14:43: 55 { rss: 50270208,
  heapTotal: 37568512,
  heapUsed: 22746080,
  external: 487445 }
2019-10-31 16:14:43: 54 { rss: 50270208,
  heapTotal: 37568512,
  heapUsed: 22752816,
  external: 487445 }
2019-10-31 16:14:43: 53 { rss: 50270208,
  heapTotal: 37568512,
  heapUsed: 22759248,
  external: 487445 }
2019-10-31 16:14:43: 52 { rss: 50270208,
  heapTotal: 37568512,
  heapUsed: 22765984,
  external: 487445 }
2019-10-31 16:14:43: 51 { rss: 50270208,
  heapTotal: 37568512,
  heapUsed: 22772416,
  external: 487445 }
2019-10-31 16:14:43: 50 { rss: 50270208,
  heapTotal: 37568512,
  heapUsed: 22779152,
  external: 487445 }
2019-10-31 16:14:43: 49 { rss: 50270208,
  heapTotal: 37568512,
  heapUsed: 22785584,
  external: 487445 }
2019-10-31 16:14:43: 48 { rss: 50270208,
  heapTotal: 37568512,
  heapUsed: 22792320,
  external: 487445 }
2019-10-31 16:14:43: 47 { rss: 50270208,
  heapTotal: 37568512,
  heapUsed: 22798752,
  external: 487445 }
2019-10-31 16:14:43: 46 { rss: 50270208,
  heapTotal: 37568512,
  heapUsed: 22805456,
  external: 487445 }
2019-10-31 16:14:43: 45 { rss: 50270208,
  heapTotal: 37568512,
  heapUsed: 22811888,
  external: 487445 }
2019-10-31 16:14:43: 44 { rss: 50270208,
  heapTotal: 37568512,
  heapUsed: 22818624,
  external: 487445 }
2019-10-31 16:14:43: 43 { rss: 50270208,
  heapTotal: 37568512,
  heapUsed: 22825056,
  external: 487445 }
2019-10-31 16:14:43: 42 { rss: 50270208,
  heapTotal: 37568512,
  heapUsed: 22831760,
  external: 487445 }
2019-10-31 16:14:43: 41 { rss: 50270208,
  heapTotal: 37568512,
  heapUsed: 22838192,
  external: 487445 }
2019-10-31 16:14:43: 40 { rss: 50270208,
  heapTotal: 37568512,
  heapUsed: 22844928,
  external: 487445 }
2019-10-31 16:14:43: 39 { rss: 50270208,
  heapTotal: 37568512,
  heapUsed: 22851360,
  external: 487445 }
2019-10-31 16:14:43: 38 { rss: 50270208,
  heapTotal: 37568512,
  heapUsed: 22858096,
  external: 487445 }
2019-10-31 16:14:43: 37 { rss: 50270208,
  heapTotal: 37568512,
  heapUsed: 22864528,
  external: 487445 }
2019-10-31 16:14:43: 36 { rss: 50270208,
  heapTotal: 37568512,
  heapUsed: 22871264,
  external: 487445 }
2019-10-31 16:14:43: 35 { rss: 50270208,
  heapTotal: 37568512,
  heapUsed: 22877696,
  external: 487445 }
2019-10-31 16:14:43: 34 { rss: 50270208,
  heapTotal: 37568512,
  heapUsed: 22884432,
  external: 487445 }
2019-10-31 16:14:43: 33 { rss: 50270208,
  heapTotal: 37568512,
  heapUsed: 22890864,
  external: 487445 }
2019-10-31 16:14:43: 32 { rss: 50270208,
  heapTotal: 37568512,
  heapUsed: 22897600,
  external: 487445 }
2019-10-31 16:14:43: 31 { rss: 50270208,
  heapTotal: 37568512,
  heapUsed: 22904032,
  external: 487445 }
2019-10-31 16:14:43: 30 { rss: 50270208,
  heapTotal: 37568512,
  heapUsed: 22910736,
  external: 487445 }
2019-10-31 16:14:43: 29 { rss: 50270208,
  heapTotal: 37568512,
  heapUsed: 22917168,
  external: 487445 }
2019-10-31 16:14:43: 28 { rss: 50270208,
  heapTotal: 37568512,
  heapUsed: 22923904,
  external: 487445 }
2019-10-31 16:14:43: 27 { rss: 50270208,
  heapTotal: 37568512,
  heapUsed: 22930336,
  external: 487445 }
2019-10-31 16:14:43: 26 { rss: 50270208,
  heapTotal: 37568512,
  heapUsed: 22937072,
  external: 487445 }
2019-10-31 16:14:43: 25 { rss: 50270208,
  heapTotal: 37568512,
  heapUsed: 22943504,
  external: 487445 }
2019-10-31 16:14:43: 24 { rss: 50270208,
  heapTotal: 37568512,
  heapUsed: 22950240,
  external: 487445 }
2019-10-31 16:14:43: 23 { rss: 50270208,
  heapTotal: 37568512,
  heapUsed: 22956672,
  external: 487445 }
2019-10-31 16:14:43: 22 { rss: 50270208,
  heapTotal: 37568512,
  heapUsed: 22963376,
  external: 487445 }
2019-10-31 16:14:43: 21 { rss: 50270208,
  heapTotal: 37568512,
  heapUsed: 22969808,
  external: 487445 }
2019-10-31 16:14:43: 20 { rss: 50270208,
  heapTotal: 37568512,
  heapUsed: 22976544,
  external: 487445 }
2019-10-31 16:14:43: 19 { rss: 50270208,
  heapTotal: 37568512,
  heapUsed: 22982976,
  external: 487445 }
2019-10-31 16:14:43: 18 { rss: 50270208,
  heapTotal: 37568512,
  heapUsed: 22989712,
  external: 487445 }
2019-10-31 16:14:43: 17 { rss: 50270208,
  heapTotal: 37568512,
  heapUsed: 22996144,
  external: 487445 }
2019-10-31 16:14:43: 16 { rss: 50270208,
  heapTotal: 37568512,
  heapUsed: 23002880,
  external: 487445 }
2019-10-31 16:14:43: 15 { rss: 50270208,
  heapTotal: 37568512,
  heapUsed: 23009280,
  external: 487445 }
2019-10-31 16:14:43: 14 { rss: 50270208,
  heapTotal: 37568512,
  heapUsed: 23016016,
  external: 487445 }
2019-10-31 16:14:43: 13 { rss: 50270208,
  heapTotal: 37568512,
  heapUsed: 23022416,
  external: 487445 }
2019-10-31 16:14:43: 12 { rss: 50270208,
  heapTotal: 37568512,
  heapUsed: 23029152,
  external: 487445 }
2019-10-31 16:14:43: 11 { rss: 50270208,
  heapTotal: 37568512,
  heapUsed: 23035552,
  external: 487445 }
2019-10-31 16:14:43: 10 { rss: 50270208,
  heapTotal: 37568512,
  heapUsed: 23042288,
  external: 487445 }
2019-10-31 16:14:43: 9 { rss: 50270208,
  heapTotal: 37568512,
  heapUsed: 23048688,
  external: 487445 }
2019-10-31 16:14:43: 8 { rss: 50270208,
  heapTotal: 37568512,
  heapUsed: 23055392,
  external: 487445 }
2019-10-31 16:14:43: 7 { rss: 50270208,
  heapTotal: 37568512,
  heapUsed: 23061792,
  external: 487445 }
2019-10-31 16:14:43: 6 { rss: 50270208,
  heapTotal: 37568512,
  heapUsed: 23068496,
  external: 487445 }
2019-10-31 16:14:43: 5 { rss: 50270208,
  heapTotal: 37568512,
  heapUsed: 23074896,
  external: 487445 }
2019-10-31 16:14:43: 4 { rss: 50270208,
  heapTotal: 37568512,
  heapUsed: 23081600,
  external: 487445 }
2019-10-31 16:14:43: 3 { rss: 50270208,
  heapTotal: 37568512,
  heapUsed: 23088000,
  external: 487445 }
2019-10-31 16:14:43: 2 { rss: 50270208,
  heapTotal: 37568512,
  heapUsed: 23094784,
  external: 495637 }
2019-10-31 16:14:43: 1 { rss: 50270208,
  heapTotal: 37568512,
  heapUsed: 23101216,
  external: 495637 }
2019-10-31 16:14:43: connect to database successfully
2019-10-31 16:14:47: init schedule tasks successfully
2019-10-31 16:14:47: 100 { rss: 51273728,
  heapTotal: 37044224,
  heapUsed: 22118704,
  external: 479253 }
2019-10-31 16:14:47: 99 { rss: 51372032,
  heapTotal: 37044224,
  heapUsed: 22153312,
  external: 479253 }
2019-10-31 16:14:47: 98 { rss: 51372032,
  heapTotal: 37044224,
  heapUsed: 22162640,
  external: 479253 }
2019-10-31 16:14:47: 97 { rss: 51372032,
  heapTotal: 37044224,
  heapUsed: 22169200,
  external: 479253 }
2019-10-31 16:14:47: 96 { rss: 51372032,
  heapTotal: 37044224,
  heapUsed: 22175936,
  external: 479253 }
2019-10-31 16:14:47: 95 { rss: 51372032,
  heapTotal: 37044224,
  heapUsed: 22182368,
  external: 479253 }
2019-10-31 16:14:47: 94 { rss: 51372032,
  heapTotal: 37044224,
  heapUsed: 22189104,
  external: 479253 }
2019-10-31 16:14:47: 93 { rss: 51372032,
  heapTotal: 37044224,
  heapUsed: 22195536,
  external: 479253 }
2019-10-31 16:14:47: 92 { rss: 51372032,
  heapTotal: 37044224,
  heapUsed: 22202272,
  external: 479253 }
2019-10-31 16:14:47: 91 { rss: 51372032,
  heapTotal: 37044224,
  heapUsed: 22208704,
  external: 479253 }
2019-10-31 16:14:47: 90 { rss: 51372032,
  heapTotal: 37044224,
  heapUsed: 22215440,
  external: 479253 }
2019-10-31 16:14:47: 89 { rss: 51372032,
  heapTotal: 37044224,
  heapUsed: 22221872,
  external: 479253 }
2019-10-31 16:14:47: 88 { rss: 51372032,
  heapTotal: 37044224,
  heapUsed: 22228608,
  external: 479253 }
2019-10-31 16:14:47: 87 { rss: 51372032,
  heapTotal: 37044224,
  heapUsed: 22235040,
  external: 479253 }
2019-10-31 16:14:47: 86 { rss: 51372032,
  heapTotal: 37044224,
  heapUsed: 22241776,
  external: 479253 }
2019-10-31 16:14:47: 85 { rss: 51372032,
  heapTotal: 37044224,
  heapUsed: 22248208,
  external: 479253 }
2019-10-31 16:14:47: 84 { rss: 51372032,
  heapTotal: 37044224,
  heapUsed: 22254944,
  external: 479253 }
2019-10-31 16:14:47: 83 { rss: 51372032,
  heapTotal: 37044224,
  heapUsed: 22261408,
  external: 479253 }
2019-10-31 16:14:47: 82 { rss: 51372032,
  heapTotal: 37044224,
  heapUsed: 22268144,
  external: 479253 }
2019-10-31 16:14:47: 81 { rss: 51372032,
  heapTotal: 37044224,
  heapUsed: 22274576,
  external: 479253 }
2019-10-31 16:14:47: 80 { rss: 51372032,
  heapTotal: 37044224,
  heapUsed: 22281312,
  external: 479253 }
2019-10-31 16:14:47: 79 { rss: 51372032,
  heapTotal: 37044224,
  heapUsed: 22287744,
  external: 479253 }
2019-10-31 16:14:47: 78 { rss: 51372032,
  heapTotal: 37044224,
  heapUsed: 22294480,
  external: 479253 }
2019-10-31 16:14:47: 77 { rss: 51372032,
  heapTotal: 37044224,
  heapUsed: 22300912,
  external: 479253 }
2019-10-31 16:14:47: 76 { rss: 51372032,
  heapTotal: 37044224,
  heapUsed: 22307648,
  external: 479253 }
2019-10-31 16:14:47: 75 { rss: 51372032,
  heapTotal: 37044224,
  heapUsed: 22314176,
  external: 487445 }
2019-10-31 16:14:47: 74 { rss: 51372032,
  heapTotal: 37044224,
  heapUsed: 22320944,
  external: 487445 }
2019-10-31 16:14:47: 73 { rss: 51372032,
  heapTotal: 37044224,
  heapUsed: 22327376,
  external: 487445 }
2019-10-31 16:14:47: 72 { rss: 51372032,
  heapTotal: 37044224,
  heapUsed: 22334112,
  external: 487445 }
2019-10-31 16:14:47: 71 { rss: 51372032,
  heapTotal: 37044224,
  heapUsed: 22340544,
  external: 487445 }
2019-10-31 16:14:47: 70 { rss: 51372032,
  heapTotal: 37044224,
  heapUsed: 22347280,
  external: 487445 }
2019-10-31 16:14:47: 69 { rss: 51372032,
  heapTotal: 37044224,
  heapUsed: 22353712,
  external: 487445 }
2019-10-31 16:14:47: 68 { rss: 51372032,
  heapTotal: 37044224,
  heapUsed: 22360456,
  external: 487445 }
2019-10-31 16:14:47: 67 { rss: 51372032,
  heapTotal: 37044224,
  heapUsed: 22366888,
  external: 487445 }
2019-10-31 16:14:47: 66 { rss: 51372032,
  heapTotal: 37044224,
  heapUsed: 22373624,
  external: 487445 }
2019-10-31 16:14:47: 65 { rss: 51372032,
  heapTotal: 37044224,
  heapUsed: 22380056,
  external: 487445 }
2019-10-31 16:14:47: 64 { rss: 51372032,
  heapTotal: 37044224,
  heapUsed: 22386792,
  external: 487445 }
2019-10-31 16:14:47: 63 { rss: 51372032,
  heapTotal: 37044224,
  heapUsed: 22393224,
  external: 487445 }
2019-10-31 16:14:47: 62 { rss: 51372032,
  heapTotal: 37044224,
  heapUsed: 22399960,
  external: 487445 }
2019-10-31 16:14:47: 61 { rss: 51372032,
  heapTotal: 37044224,
  heapUsed: 22406392,
  external: 487445 }
2019-10-31 16:14:47: 60 { rss: 51372032,
  heapTotal: 37044224,
  heapUsed: 22413128,
  external: 487445 }
2019-10-31 16:14:47: 59 { rss: 51372032,
  heapTotal: 37044224,
  heapUsed: 22419560,
  external: 487445 }
2019-10-31 16:14:47: 58 { rss: 51372032,
  heapTotal: 37044224,
  heapUsed: 22426264,
  external: 487445 }
2019-10-31 16:14:47: 57 { rss: 51372032,
  heapTotal: 37044224,
  heapUsed: 22432696,
  external: 487445 }
2019-10-31 16:14:47: 56 { rss: 51372032,
  heapTotal: 37044224,
  heapUsed: 22439432,
  external: 487445 }
2019-10-31 16:14:47: 55 { rss: 51372032,
  heapTotal: 37044224,
  heapUsed: 22445864,
  external: 487445 }
2019-10-31 16:14:47: 54 { rss: 51372032,
  heapTotal: 37044224,
  heapUsed: 22452600,
  external: 487445 }
2019-10-31 16:14:47: 53 { rss: 51372032,
  heapTotal: 37044224,
  heapUsed: 22459032,
  external: 487445 }
2019-10-31 16:14:47: 52 { rss: 51372032,
  heapTotal: 37044224,
  heapUsed: 22465768,
  external: 487445 }
2019-10-31 16:14:47: 51 { rss: 51372032,
  heapTotal: 37044224,
  heapUsed: 22472200,
  external: 487445 }
2019-10-31 16:14:47: 50 { rss: 51372032,
  heapTotal: 37044224,
  heapUsed: 22478936,
  external: 487445 }
2019-10-31 16:14:47: 49 { rss: 51372032,
  heapTotal: 37044224,
  heapUsed: 22485368,
  external: 487445 }
2019-10-31 16:14:47: 48 { rss: 51372032,
  heapTotal: 37044224,
  heapUsed: 22492104,
  external: 487445 }
2019-10-31 16:14:47: 47 { rss: 51372032,
  heapTotal: 37044224,
  heapUsed: 22498536,
  external: 487445 }
2019-10-31 16:14:47: 46 { rss: 51372032,
  heapTotal: 37044224,
  heapUsed: 22505240,
  external: 487445 }
2019-10-31 16:14:47: 45 { rss: 51372032,
  heapTotal: 37044224,
  heapUsed: 22511672,
  external: 487445 }
2019-10-31 16:14:47: 44 { rss: 51372032,
  heapTotal: 37044224,
  heapUsed: 22518408,
  external: 487445 }
2019-10-31 16:14:47: 43 { rss: 51372032,
  heapTotal: 37044224,
  heapUsed: 22524840,
  external: 487445 }
2019-10-31 16:14:47: 42 { rss: 51372032,
  heapTotal: 37044224,
  heapUsed: 22531576,
  external: 487445 }
2019-10-31 16:14:47: 41 { rss: 51372032,
  heapTotal: 37044224,
  heapUsed: 22538008,
  external: 487445 }
2019-10-31 16:14:47: 40 { rss: 51372032,
  heapTotal: 37044224,
  heapUsed: 22544744,
  external: 487445 }
2019-10-31 16:14:47: 39 { rss: 51372032,
  heapTotal: 37044224,
  heapUsed: 22551176,
  external: 487445 }
2019-10-31 16:14:47: 38 { rss: 51372032,
  heapTotal: 37044224,
  heapUsed: 22557912,
  external: 487445 }
2019-10-31 16:14:47: 37 { rss: 51372032,
  heapTotal: 37044224,
  heapUsed: 22564344,
  external: 487445 }
2019-10-31 16:14:47: 36 { rss: 51372032,
  heapTotal: 37044224,
  heapUsed: 22571080,
  external: 487445 }
2019-10-31 16:14:47: 35 { rss: 51372032,
  heapTotal: 37044224,
  heapUsed: 22577512,
  external: 487445 }
2019-10-31 16:14:47: 34 { rss: 51372032,
  heapTotal: 37044224,
  heapUsed: 22584248,
  external: 487445 }
2019-10-31 16:14:47: 33 { rss: 51372032,
  heapTotal: 37044224,
  heapUsed: 22590680,
  external: 487445 }
2019-10-31 16:14:47: 32 { rss: 51372032,
  heapTotal: 37044224,
  heapUsed: 22597416,
  external: 487445 }
2019-10-31 16:14:47: 31 { rss: 51372032,
  heapTotal: 37044224,
  heapUsed: 22603848,
  external: 487445 }
2019-10-31 16:14:47: 30 { rss: 51372032,
  heapTotal: 37044224,
  heapUsed: 22610552,
  external: 487445 }
2019-10-31 16:14:47: 29 { rss: 51372032,
  heapTotal: 37044224,
  heapUsed: 22616984,
  external: 487445 }
2019-10-31 16:14:47: 28 { rss: 51372032,
  heapTotal: 37044224,
  heapUsed: 22623720,
  external: 487445 }
2019-10-31 16:14:47: 27 { rss: 51372032,
  heapTotal: 37044224,
  heapUsed: 22630152,
  external: 487445 }
2019-10-31 16:14:47: 26 { rss: 51372032,
  heapTotal: 37044224,
  heapUsed: 22636888,
  external: 487445 }
2019-10-31 16:14:47: 25 { rss: 51372032,
  heapTotal: 37044224,
  heapUsed: 22643320,
  external: 487445 }
2019-10-31 16:14:47: 24 { rss: 51372032,
  heapTotal: 37044224,
  heapUsed: 22650056,
  external: 487445 }
2019-10-31 16:14:47: 23 { rss: 51372032,
  heapTotal: 37044224,
  heapUsed: 22656488,
  external: 487445 }
2019-10-31 16:14:47: 22 { rss: 51372032,
  heapTotal: 37044224,
  heapUsed: 22663192,
  external: 487445 }
2019-10-31 16:14:47: 21 { rss: 51372032,
  heapTotal: 37044224,
  heapUsed: 22669624,
  external: 487445 }
2019-10-31 16:14:47: 20 { rss: 51372032,
  heapTotal: 37044224,
  heapUsed: 22676360,
  external: 487445 }
2019-10-31 16:14:47: 19 { rss: 51372032,
  heapTotal: 37044224,
  heapUsed: 22682792,
  external: 487445 }
2019-10-31 16:14:47: 18 { rss: 51372032,
  heapTotal: 37044224,
  heapUsed: 22689528,
  external: 487445 }
2019-10-31 16:14:47: 17 { rss: 51372032,
  heapTotal: 37044224,
  heapUsed: 22695960,
  external: 487445 }
2019-10-31 16:14:47: 16 { rss: 51372032,
  heapTotal: 37044224,
  heapUsed: 22702696,
  external: 487445 }
2019-10-31 16:14:47: 15 { rss: 51372032,
  heapTotal: 37044224,
  heapUsed: 22709096,
  external: 487445 }
2019-10-31 16:14:47: 14 { rss: 51372032,
  heapTotal: 37044224,
  heapUsed: 22715832,
  external: 487445 }
2019-10-31 16:14:47: 13 { rss: 51372032,
  heapTotal: 37044224,
  heapUsed: 22722232,
  external: 487445 }
2019-10-31 16:14:47: 12 { rss: 51372032,
  heapTotal: 37044224,
  heapUsed: 22728968,
  external: 487445 }
2019-10-31 16:14:47: 11 { rss: 51372032,
  heapTotal: 37044224,
  heapUsed: 22735368,
  external: 487445 }
2019-10-31 16:14:47: 10 { rss: 51372032,
  heapTotal: 37044224,
  heapUsed: 22742104,
  external: 487445 }
2019-10-31 16:14:47: 9 { rss: 51372032,
  heapTotal: 37044224,
  heapUsed: 22748504,
  external: 487445 }
2019-10-31 16:14:47: 8 { rss: 51372032,
  heapTotal: 37044224,
  heapUsed: 22755208,
  external: 487445 }
2019-10-31 16:14:47: 7 { rss: 51372032,
  heapTotal: 37044224,
  heapUsed: 22761608,
  external: 487445 }
2019-10-31 16:14:47: 6 { rss: 51372032,
  heapTotal: 37044224,
  heapUsed: 22768312,
  external: 487445 }
2019-10-31 16:14:47: 5 { rss: 51372032,
  heapTotal: 37044224,
  heapUsed: 22774712,
  external: 487445 }
2019-10-31 16:14:47: 4 { rss: 51372032,
  heapTotal: 37044224,
  heapUsed: 22781416,
  external: 487445 }
2019-10-31 16:14:47: 3 { rss: 51372032,
  heapTotal: 37044224,
  heapUsed: 22787816,
  external: 487445 }
2019-10-31 16:14:47: 2 { rss: 51372032,
  heapTotal: 37044224,
  heapUsed: 22794600,
  external: 495637 }
2019-10-31 16:14:47: 1 { rss: 51372032,
  heapTotal: 37044224,
  heapUsed: 22801032,
  external: 495637 }
2019-10-31 16:14:47: connect to database successfully
2019-10-31 16:14:51: init schedule tasks successfully
2019-10-31 16:14:51: 100 { rss: 52830208,
  heapTotal: 39141376,
  heapUsed: 21194080,
  external: 479253 }
2019-10-31 16:14:51: 99 { rss: 52895744,
  heapTotal: 39141376,
  heapUsed: 21228784,
  external: 479253 }
2019-10-31 16:14:51: 98 { rss: 52895744,
  heapTotal: 39141376,
  heapUsed: 21238112,
  external: 479253 }
2019-10-31 16:14:51: 97 { rss: 52895744,
  heapTotal: 39141376,
  heapUsed: 21244672,
  external: 479253 }
2019-10-31 16:14:51: 96 { rss: 52895744,
  heapTotal: 39141376,
  heapUsed: 21251408,
  external: 479253 }
2019-10-31 16:14:51: 95 { rss: 52895744,
  heapTotal: 39141376,
  heapUsed: 21257840,
  external: 479253 }
2019-10-31 16:14:51: 94 { rss: 52895744,
  heapTotal: 39141376,
  heapUsed: 21264576,
  external: 479253 }
2019-10-31 16:14:51: 93 { rss: 52895744,
  heapTotal: 39141376,
  heapUsed: 21271008,
  external: 479253 }
2019-10-31 16:14:51: 92 { rss: 52895744,
  heapTotal: 39141376,
  heapUsed: 21277744,
  external: 479253 }
2019-10-31 16:14:51: 91 { rss: 52895744,
  heapTotal: 39141376,
  heapUsed: 21284176,
  external: 479253 }
2019-10-31 16:14:51: 90 { rss: 52895744,
  heapTotal: 39141376,
  heapUsed: 21290912,
  external: 479253 }
2019-10-31 16:14:51: 89 { rss: 52895744,
  heapTotal: 39141376,
  heapUsed: 21297344,
  external: 479253 }
2019-10-31 16:14:51: 88 { rss: 52895744,
  heapTotal: 39141376,
  heapUsed: 21304080,
  external: 479253 }
2019-10-31 16:14:51: 87 { rss: 52895744,
  heapTotal: 39141376,
  heapUsed: 21310512,
  external: 479253 }
2019-10-31 16:14:51: 86 { rss: 52895744,
  heapTotal: 39141376,
  heapUsed: 21317248,
  external: 479253 }
2019-10-31 16:14:51: 85 { rss: 52895744,
  heapTotal: 39141376,
  heapUsed: 21323680,
  external: 479253 }
2019-10-31 16:14:51: 84 { rss: 52895744,
  heapTotal: 39141376,
  heapUsed: 21330416,
  external: 479253 }
2019-10-31 16:14:51: 83 { rss: 52895744,
  heapTotal: 39141376,
  heapUsed: 21336880,
  external: 479253 }
2019-10-31 16:14:51: 82 { rss: 52895744,
  heapTotal: 39141376,
  heapUsed: 21343616,
  external: 479253 }
2019-10-31 16:14:51: 81 { rss: 52895744,
  heapTotal: 39141376,
  heapUsed: 21350048,
  external: 479253 }
2019-10-31 16:14:51: 80 { rss: 52895744,
  heapTotal: 39141376,
  heapUsed: 21356784,
  external: 479253 }
2019-10-31 16:14:51: 79 { rss: 52895744,
  heapTotal: 39141376,
  heapUsed: 21363216,
  external: 479253 }
2019-10-31 16:14:51: 78 { rss: 52895744,
  heapTotal: 39141376,
  heapUsed: 21369952,
  external: 479253 }
2019-10-31 16:14:51: 77 { rss: 52895744,
  heapTotal: 39141376,
  heapUsed: 21376384,
  external: 479253 }
2019-10-31 16:14:51: 76 { rss: 52895744,
  heapTotal: 39141376,
  heapUsed: 21383120,
  external: 479253 }
2019-10-31 16:14:51: 75 { rss: 52895744,
  heapTotal: 39141376,
  heapUsed: 21389648,
  external: 487445 }
2019-10-31 16:14:51: 74 { rss: 52895744,
  heapTotal: 39141376,
  heapUsed: 21396416,
  external: 487445 }
2019-10-31 16:14:51: 73 { rss: 52895744,
  heapTotal: 39141376,
  heapUsed: 21402848,
  external: 487445 }
2019-10-31 16:14:51: 72 { rss: 52895744,
  heapTotal: 39141376,
  heapUsed: 21409584,
  external: 487445 }
2019-10-31 16:14:51: 71 { rss: 52895744,
  heapTotal: 39141376,
  heapUsed: 21416016,
  external: 487445 }
2019-10-31 16:14:51: 70 { rss: 52895744,
  heapTotal: 39141376,
  heapUsed: 21422752,
  external: 487445 }
2019-10-31 16:14:51: 69 { rss: 52895744,
  heapTotal: 39141376,
  heapUsed: 21429184,
  external: 487445 }
2019-10-31 16:14:51: 68 { rss: 52895744,
  heapTotal: 39141376,
  heapUsed: 21435920,
  external: 487445 }
2019-10-31 16:14:51: 67 { rss: 52895744,
  heapTotal: 39141376,
  heapUsed: 21442352,
  external: 487445 }
2019-10-31 16:14:51: 66 { rss: 52895744,
  heapTotal: 39141376,
  heapUsed: 21449088,
  external: 487445 }
2019-10-31 16:14:51: 65 { rss: 52895744,
  heapTotal: 39141376,
  heapUsed: 21455520,
  external: 487445 }
2019-10-31 16:14:51: 64 { rss: 52895744,
  heapTotal: 39141376,
  heapUsed: 21462256,
  external: 487445 }
2019-10-31 16:14:51: 63 { rss: 52895744,
  heapTotal: 39141376,
  heapUsed: 21468688,
  external: 487445 }
2019-10-31 16:14:51: 62 { rss: 52895744,
  heapTotal: 39141376,
  heapUsed: 21475424,
  external: 487445 }
2019-10-31 16:14:51: 61 { rss: 52895744,
  heapTotal: 39141376,
  heapUsed: 21481856,
  external: 487445 }
2019-10-31 16:14:51: 60 { rss: 52895744,
  heapTotal: 39141376,
  heapUsed: 21488592,
  external: 487445 }
2019-10-31 16:14:51: 59 { rss: 52895744,
  heapTotal: 39141376,
  heapUsed: 21495024,
  external: 487445 }
2019-10-31 16:14:51: 58 { rss: 52895744,
  heapTotal: 39141376,
  heapUsed: 21501728,
  external: 487445 }
2019-10-31 16:14:51: 57 { rss: 52895744,
  heapTotal: 39141376,
  heapUsed: 21508160,
  external: 487445 }
2019-10-31 16:14:51: 56 { rss: 52895744,
  heapTotal: 39141376,
  heapUsed: 21514896,
  external: 487445 }
2019-10-31 16:14:51: 55 { rss: 52895744,
  heapTotal: 39141376,
  heapUsed: 21521328,
  external: 487445 }
2019-10-31 16:14:51: 54 { rss: 52895744,
  heapTotal: 39141376,
  heapUsed: 21528064,
  external: 487445 }
2019-10-31 16:14:51: 53 { rss: 52895744,
  heapTotal: 39141376,
  heapUsed: 21534496,
  external: 487445 }
2019-10-31 16:14:51: 52 { rss: 52895744,
  heapTotal: 39141376,
  heapUsed: 21541232,
  external: 487445 }
2019-10-31 16:14:51: 51 { rss: 52895744,
  heapTotal: 39141376,
  heapUsed: 21547664,
  external: 487445 }
2019-10-31 16:14:51: 50 { rss: 52895744,
  heapTotal: 39141376,
  heapUsed: 21554368,
  external: 487445 }
2019-10-31 16:14:51: 49 { rss: 52895744,
  heapTotal: 39141376,
  heapUsed: 21560800,
  external: 487445 }
2019-10-31 16:14:51: 48 { rss: 52895744,
  heapTotal: 39141376,
  heapUsed: 21567536,
  external: 487445 }
2019-10-31 16:14:51: 47 { rss: 52895744,
  heapTotal: 39141376,
  heapUsed: 21573968,
  external: 487445 }
2019-10-31 16:14:51: 46 { rss: 52895744,
  heapTotal: 39141376,
  heapUsed: 21580672,
  external: 487445 }
2019-10-31 16:14:51: 45 { rss: 52895744,
  heapTotal: 39141376,
  heapUsed: 21587104,
  external: 487445 }
2019-10-31 16:14:51: 44 { rss: 52895744,
  heapTotal: 39141376,
  heapUsed: 21593840,
  external: 487445 }
2019-10-31 16:14:51: 43 { rss: 52895744,
  heapTotal: 39141376,
  heapUsed: 21600272,
  external: 487445 }
2019-10-31 16:14:51: 42 { rss: 52895744,
  heapTotal: 39141376,
  heapUsed: 21607008,
  external: 487445 }
2019-10-31 16:14:51: 41 { rss: 52895744,
  heapTotal: 39141376,
  heapUsed: 21613440,
  external: 487445 }
2019-10-31 16:14:51: 40 { rss: 52895744,
  heapTotal: 39141376,
  heapUsed: 21620176,
  external: 487445 }
2019-10-31 16:14:51: 39 { rss: 52895744,
  heapTotal: 39141376,
  heapUsed: 21626608,
  external: 487445 }
2019-10-31 16:14:51: 38 { rss: 52895744,
  heapTotal: 39141376,
  heapUsed: 21633344,
  external: 487445 }
2019-10-31 16:14:51: 37 { rss: 52895744,
  heapTotal: 39141376,
  heapUsed: 21639776,
  external: 487445 }
2019-10-31 16:14:51: 36 { rss: 52895744,
  heapTotal: 39141376,
  heapUsed: 21646568,
  external: 487445 }
2019-10-31 16:14:51: 35 { rss: 52895744,
  heapTotal: 39141376,
  heapUsed: 21653000,
  external: 487445 }
2019-10-31 16:14:51: 34 { rss: 52895744,
  heapTotal: 39141376,
  heapUsed: 21659736,
  external: 487445 }
2019-10-31 16:14:51: 33 { rss: 52895744,
  heapTotal: 39141376,
  heapUsed: 21666168,
  external: 487445 }
2019-10-31 16:14:51: 32 { rss: 52895744,
  heapTotal: 39141376,
  heapUsed: 21672904,
  external: 487445 }
2019-10-31 16:14:51: 31 { rss: 52895744,
  heapTotal: 39141376,
  heapUsed: 21679336,
  external: 487445 }
2019-10-31 16:14:51: 30 { rss: 52895744,
  heapTotal: 39141376,
  heapUsed: 21686040,
  external: 487445 }
2019-10-31 16:14:51: 29 { rss: 52895744,
  heapTotal: 39141376,
  heapUsed: 21692472,
  external: 487445 }
2019-10-31 16:14:51: 28 { rss: 52895744,
  heapTotal: 39141376,
  heapUsed: 21699208,
  external: 487445 }
2019-10-31 16:14:51: 27 { rss: 52895744,
  heapTotal: 39141376,
  heapUsed: 21705640,
  external: 487445 }
2019-10-31 16:14:51: 26 { rss: 52895744,
  heapTotal: 39141376,
  heapUsed: 21712376,
  external: 487445 }
2019-10-31 16:14:51: 25 { rss: 52895744,
  heapTotal: 39141376,
  heapUsed: 21718808,
  external: 487445 }
2019-10-31 16:14:51: 24 { rss: 52895744,
  heapTotal: 39141376,
  heapUsed: 21725544,
  external: 487445 }
2019-10-31 16:14:51: 23 { rss: 52899840,
  heapTotal: 39141376,
  heapUsed: 21731976,
  external: 487445 }
2019-10-31 16:14:51: 22 { rss: 52899840,
  heapTotal: 39141376,
  heapUsed: 21738712,
  external: 487445 }
2019-10-31 16:14:51: 21 { rss: 52908032,
  heapTotal: 39141376,
  heapUsed: 21745144,
  external: 487445 }
2019-10-31 16:14:51: 20 { rss: 52908032,
  heapTotal: 39141376,
  heapUsed: 21751912,
  external: 487445 }
2019-10-31 16:14:51: 19 { rss: 52908032,
  heapTotal: 39141376,
  heapUsed: 21758344,
  external: 487445 }
2019-10-31 16:14:51: 18 { rss: 52912128,
  heapTotal: 39141376,
  heapUsed: 21765080,
  external: 487445 }
2019-10-31 16:14:51: 17 { rss: 52912128,
  heapTotal: 39141376,
  heapUsed: 21771544,
  external: 487445 }
2019-10-31 16:14:51: 16 { rss: 52912128,
  heapTotal: 39141376,
  heapUsed: 21778280,
  external: 487445 }
2019-10-31 16:14:51: 15 { rss: 52912128,
  heapTotal: 39141376,
  heapUsed: 21784680,
  external: 487445 }
2019-10-31 16:14:51: 14 { rss: 52912128,
  heapTotal: 39141376,
  heapUsed: 21791416,
  external: 487445 }
2019-10-31 16:14:51: 13 { rss: 52916224,
  heapTotal: 39141376,
  heapUsed: 21797816,
  external: 487445 }
2019-10-31 16:14:51: 12 { rss: 52920320,
  heapTotal: 39141376,
  heapUsed: 21804584,
  external: 487445 }
2019-10-31 16:14:51: 11 { rss: 52920320,
  heapTotal: 39141376,
  heapUsed: 21811016,
  external: 487445 }
2019-10-31 16:14:51: 10 { rss: 52928512,
  heapTotal: 39141376,
  heapUsed: 21817752,
  external: 487445 }
2019-10-31 16:14:51: 9 { rss: 52932608,
  heapTotal: 39141376,
  heapUsed: 21824184,
  external: 487445 }
2019-10-31 16:14:51: 8 { rss: 52932608,
  heapTotal: 39141376,
  heapUsed: 21830920,
  external: 487445 }
2019-10-31 16:14:51: 7 { rss: 52932608,
  heapTotal: 39141376,
  heapUsed: 21837320,
  external: 487445 }
2019-10-31 16:14:51: 6 { rss: 52932608,
  heapTotal: 39141376,
  heapUsed: 21844024,
  external: 487445 }
2019-10-31 16:14:51: 5 { rss: 52932608,
  heapTotal: 39141376,
  heapUsed: 21850424,
  external: 487445 }
2019-10-31 16:14:51: 4 { rss: 52932608,
  heapTotal: 39141376,
  heapUsed: 21857128,
  external: 487445 }
2019-10-31 16:14:51: 3 { rss: 52940800,
  heapTotal: 39141376,
  heapUsed: 21863528,
  external: 487445 }
2019-10-31 16:14:51: 2 { rss: 52940800,
  heapTotal: 39141376,
  heapUsed: 21870344,
  external: 495637 }
2019-10-31 16:14:51: 1 { rss: 52940800,
  heapTotal: 39141376,
  heapUsed: 21876776,
  external: 495637 }
2019-10-31 16:14:51: connect to database successfully
2019-10-31 16:14:54: init schedule tasks successfully
2019-10-31 16:14:54: 100 { rss: 53501952,
  heapTotal: 38617088,
  heapUsed: 20720480,
  external: 479253 }
2019-10-31 16:14:54: 99 { rss: 53542912,
  heapTotal: 38617088,
  heapUsed: 20754720,
  external: 479253 }
2019-10-31 16:14:54: 98 { rss: 53542912,
  heapTotal: 38617088,
  heapUsed: 20764048,
  external: 479253 }
2019-10-31 16:14:54: 97 { rss: 53542912,
  heapTotal: 38617088,
  heapUsed: 20770608,
  external: 479253 }
2019-10-31 16:14:54: 96 { rss: 53542912,
  heapTotal: 38617088,
  heapUsed: 20777344,
  external: 479253 }
2019-10-31 16:14:54: 95 { rss: 53542912,
  heapTotal: 38617088,
  heapUsed: 20783776,
  external: 479253 }
2019-10-31 16:14:54: 94 { rss: 53542912,
  heapTotal: 38617088,
  heapUsed: 20790512,
  external: 479253 }
2019-10-31 16:14:54: 93 { rss: 53542912,
  heapTotal: 38617088,
  heapUsed: 20796944,
  external: 479253 }
2019-10-31 16:14:54: 92 { rss: 53542912,
  heapTotal: 38617088,
  heapUsed: 20803680,
  external: 479253 }
2019-10-31 16:14:54: 91 { rss: 53542912,
  heapTotal: 38617088,
  heapUsed: 20810112,
  external: 479253 }
2019-10-31 16:14:54: 90 { rss: 53542912,
  heapTotal: 38617088,
  heapUsed: 20816848,
  external: 479253 }
2019-10-31 16:14:54: 89 { rss: 53542912,
  heapTotal: 38617088,
  heapUsed: 20823280,
  external: 479253 }
2019-10-31 16:14:54: 88 { rss: 53542912,
  heapTotal: 38617088,
  heapUsed: 20830016,
  external: 479253 }
2019-10-31 16:14:54: 87 { rss: 53542912,
  heapTotal: 38617088,
  heapUsed: 20836448,
  external: 479253 }
2019-10-31 16:14:54: 86 { rss: 53542912,
  heapTotal: 38617088,
  heapUsed: 20843184,
  external: 479253 }
2019-10-31 16:14:54: 85 { rss: 53542912,
  heapTotal: 38617088,
  heapUsed: 20849616,
  external: 479253 }
2019-10-31 16:14:54: 84 { rss: 53542912,
  heapTotal: 38617088,
  heapUsed: 20856352,
  external: 479253 }
2019-10-31 16:14:54: 83 { rss: 53542912,
  heapTotal: 38617088,
  heapUsed: 20862816,
  external: 479253 }
2019-10-31 16:14:54: 82 { rss: 53542912,
  heapTotal: 38617088,
  heapUsed: 20869552,
  external: 479253 }
2019-10-31 16:14:54: 81 { rss: 53542912,
  heapTotal: 38617088,
  heapUsed: 20875984,
  external: 479253 }
2019-10-31 16:14:54: 80 { rss: 53542912,
  heapTotal: 38617088,
  heapUsed: 20882720,
  external: 479253 }
2019-10-31 16:14:54: 79 { rss: 53542912,
  heapTotal: 38617088,
  heapUsed: 20889152,
  external: 479253 }
2019-10-31 16:14:54: 78 { rss: 53542912,
  heapTotal: 38617088,
  heapUsed: 20895888,
  external: 479253 }
2019-10-31 16:14:54: 77 { rss: 53542912,
  heapTotal: 38617088,
  heapUsed: 20902320,
  external: 479253 }
2019-10-31 16:14:54: 76 { rss: 53542912,
  heapTotal: 38617088,
  heapUsed: 20909056,
  external: 479253 }
2019-10-31 16:14:54: 75 { rss: 53542912,
  heapTotal: 38617088,
  heapUsed: 20915584,
  external: 487445 }
2019-10-31 16:14:54: 74 { rss: 53542912,
  heapTotal: 38617088,
  heapUsed: 20922352,
  external: 487445 }
2019-10-31 16:14:54: 73 { rss: 53542912,
  heapTotal: 38617088,
  heapUsed: 20928784,
  external: 487445 }
2019-10-31 16:14:54: 72 { rss: 53542912,
  heapTotal: 38617088,
  heapUsed: 20935520,
  external: 487445 }
2019-10-31 16:14:54: 71 { rss: 53547008,
  heapTotal: 38617088,
  heapUsed: 20941952,
  external: 487445 }
2019-10-31 16:14:54: 70 { rss: 53547008,
  heapTotal: 38617088,
  heapUsed: 20948720,
  external: 487445 }
2019-10-31 16:14:54: 69 { rss: 53547008,
  heapTotal: 38617088,
  heapUsed: 20955152,
  external: 487445 }
2019-10-31 16:14:54: 68 { rss: 53547008,
  heapTotal: 38617088,
  heapUsed: 20961888,
  external: 487445 }
2019-10-31 16:14:54: 67 { rss: 53547008,
  heapTotal: 38617088,
  heapUsed: 20968320,
  external: 487445 }
2019-10-31 16:14:54: 66 { rss: 53547008,
  heapTotal: 38617088,
  heapUsed: 20975056,
  external: 487445 }
2019-10-31 16:14:54: 65 { rss: 53547008,
  heapTotal: 38617088,
  heapUsed: 20981488,
  external: 487445 }
2019-10-31 16:14:54: 64 { rss: 53547008,
  heapTotal: 38617088,
  heapUsed: 20988224,
  external: 487445 }
2019-10-31 16:14:54: 63 { rss: 53547008,
  heapTotal: 38617088,
  heapUsed: 20994656,
  external: 487445 }
2019-10-31 16:14:54: 62 { rss: 53547008,
  heapTotal: 38617088,
  heapUsed: 21001392,
  external: 487445 }
2019-10-31 16:14:54: 61 { rss: 53547008,
  heapTotal: 38617088,
  heapUsed: 21007824,
  external: 487445 }
2019-10-31 16:14:54: 60 { rss: 53547008,
  heapTotal: 38617088,
  heapUsed: 21014560,
  external: 487445 }
2019-10-31 16:14:54: 59 { rss: 53547008,
  heapTotal: 38617088,
  heapUsed: 21020992,
  external: 487445 }
2019-10-31 16:14:54: 58 { rss: 53547008,
  heapTotal: 38617088,
  heapUsed: 21027696,
  external: 487445 }
2019-10-31 16:14:54: 57 { rss: 53547008,
  heapTotal: 38617088,
  heapUsed: 21034128,
  external: 487445 }
2019-10-31 16:14:54: 56 { rss: 53547008,
  heapTotal: 38617088,
  heapUsed: 21040864,
  external: 487445 }
2019-10-31 16:14:54: 55 { rss: 53547008,
  heapTotal: 38617088,
  heapUsed: 21047296,
  external: 487445 }
2019-10-31 16:14:54: 54 { rss: 53547008,
  heapTotal: 38617088,
  heapUsed: 21054032,
  external: 487445 }
2019-10-31 16:14:54: 53 { rss: 53547008,
  heapTotal: 38617088,
  heapUsed: 21060432,
  external: 487445 }
2019-10-31 16:14:54: 52 { rss: 53547008,
  heapTotal: 38617088,
  heapUsed: 21067240,
  external: 487445 }
2019-10-31 16:14:54: 51 { rss: 53547008,
  heapTotal: 38617088,
  heapUsed: 21073672,
  external: 487445 }
2019-10-31 16:14:54: 50 { rss: 53551104,
  heapTotal: 38617088,
  heapUsed: 21080408,
  external: 487445 }
2019-10-31 16:14:54: 49 { rss: 53551104,
  heapTotal: 38617088,
  heapUsed: 21086872,
  external: 487445 }
2019-10-31 16:14:54: 48 { rss: 53551104,
  heapTotal: 38617088,
  heapUsed: 21093608,
  external: 487445 }
2019-10-31 16:14:54: 47 { rss: 53551104,
  heapTotal: 38617088,
  heapUsed: 21100040,
  external: 487445 }
2019-10-31 16:14:54: 46 { rss: 53551104,
  heapTotal: 38617088,
  heapUsed: 21106744,
  external: 487445 }
2019-10-31 16:14:54: 45 { rss: 53551104,
  heapTotal: 38617088,
  heapUsed: 21113176,
  external: 487445 }
2019-10-31 16:14:54: 44 { rss: 53555200,
  heapTotal: 38617088,
  heapUsed: 21119912,
  external: 487445 }
2019-10-31 16:14:54: 43 { rss: 53559296,
  heapTotal: 38617088,
  heapUsed: 21126376,
  external: 487445 }
2019-10-31 16:14:54: 42 { rss: 53559296,
  heapTotal: 38617088,
  heapUsed: 21133144,
  external: 487445 }
2019-10-31 16:14:54: 41 { rss: 53559296,
  heapTotal: 38617088,
  heapUsed: 21139576,
  external: 487445 }
2019-10-31 16:14:54: 40 { rss: 53559296,
  heapTotal: 38617088,
  heapUsed: 21146312,
  external: 487445 }
2019-10-31 16:14:54: 39 { rss: 53559296,
  heapTotal: 38617088,
  heapUsed: 21152744,
  external: 487445 }
2019-10-31 16:14:54: 38 { rss: 53559296,
  heapTotal: 38617088,
  heapUsed: 21159480,
  external: 487445 }
2019-10-31 16:14:54: 37 { rss: 53559296,
  heapTotal: 38617088,
  heapUsed: 21165912,
  external: 487445 }
2019-10-31 16:14:54: 36 { rss: 53559296,
  heapTotal: 38617088,
  heapUsed: 21172648,
  external: 487445 }
2019-10-31 16:14:54: 35 { rss: 53559296,
  heapTotal: 38617088,
  heapUsed: 21179080,
  external: 487445 }
2019-10-31 16:14:54: 34 { rss: 53559296,
  heapTotal: 38617088,
  heapUsed: 21185816,
  external: 487445 }
2019-10-31 16:14:54: 33 { rss: 53559296,
  heapTotal: 38617088,
  heapUsed: 21192248,
  external: 487445 }
2019-10-31 16:14:54: 32 { rss: 53559296,
  heapTotal: 38617088,
  heapUsed: 21198984,
  external: 487445 }
2019-10-31 16:14:54: 31 { rss: 53559296,
  heapTotal: 38617088,
  heapUsed: 21205416,
  external: 487445 }
2019-10-31 16:14:54: 30 { rss: 53559296,
  heapTotal: 38617088,
  heapUsed: 21212120,
  external: 487445 }
2019-10-31 16:14:54: 29 { rss: 53563392,
  heapTotal: 38617088,
  heapUsed: 21218552,
  external: 487445 }
2019-10-31 16:14:54: 28 { rss: 53563392,
  heapTotal: 38617088,
  heapUsed: 21225320,
  external: 487445 }
2019-10-31 16:14:54: 27 { rss: 53563392,
  heapTotal: 38617088,
  heapUsed: 21231752,
  external: 487445 }
2019-10-31 16:14:54: 26 { rss: 53563392,
  heapTotal: 38617088,
  heapUsed: 21238488,
  external: 487445 }
2019-10-31 16:14:54: 25 { rss: 53563392,
  heapTotal: 38617088,
  heapUsed: 21244920,
  external: 487445 }
2019-10-31 16:14:54: 24 { rss: 53563392,
  heapTotal: 38617088,
  heapUsed: 21251656,
  external: 487445 }
2019-10-31 16:14:54: 23 { rss: 53563392,
  heapTotal: 38617088,
  heapUsed: 21258088,
  external: 487445 }
2019-10-31 16:14:54: 22 { rss: 53563392,
  heapTotal: 38617088,
  heapUsed: 21264792,
  external: 487445 }
2019-10-31 16:14:54: 21 { rss: 53563392,
  heapTotal: 38617088,
  heapUsed: 21271224,
  external: 487445 }
2019-10-31 16:14:54: 20 { rss: 53563392,
  heapTotal: 38617088,
  heapUsed: 21277960,
  external: 487445 }
2019-10-31 16:14:54: 19 { rss: 53563392,
  heapTotal: 38617088,
  heapUsed: 21284392,
  external: 487445 }
2019-10-31 16:14:54: 18 { rss: 53563392,
  heapTotal: 38617088,
  heapUsed: 21291128,
  external: 487445 }
2019-10-31 16:14:54: 17 { rss: 53563392,
  heapTotal: 38617088,
  heapUsed: 21297560,
  external: 487445 }
2019-10-31 16:14:54: 16 { rss: 53563392,
  heapTotal: 38617088,
  heapUsed: 21304296,
  external: 487445 }
2019-10-31 16:14:54: 15 { rss: 53563392,
  heapTotal: 38617088,
  heapUsed: 21310696,
  external: 487445 }
2019-10-31 16:14:54: 14 { rss: 53563392,
  heapTotal: 38617088,
  heapUsed: 21317432,
  external: 487445 }
2019-10-31 16:14:54: 13 { rss: 53563392,
  heapTotal: 38617088,
  heapUsed: 21323832,
  external: 487445 }
2019-10-31 16:14:54: 12 { rss: 53563392,
  heapTotal: 38617088,
  heapUsed: 21330568,
  external: 487445 }
2019-10-31 16:14:54: 11 { rss: 53563392,
  heapTotal: 38617088,
  heapUsed: 21336968,
  external: 487445 }
2019-10-31 16:14:54: 10 { rss: 53563392,
  heapTotal: 38617088,
  heapUsed: 21343704,
  external: 487445 }
2019-10-31 16:14:54: 9 { rss: 53563392,
  heapTotal: 38617088,
  heapUsed: 21350104,
  external: 487445 }
2019-10-31 16:14:54: 8 { rss: 53567488,
  heapTotal: 38617088,
  heapUsed: 21356808,
  external: 487445 }
2019-10-31 16:14:54: 7 { rss: 53567488,
  heapTotal: 38617088,
  heapUsed: 21363240,
  external: 487445 }
2019-10-31 16:14:54: 6 { rss: 53567488,
  heapTotal: 38617088,
  heapUsed: 21369944,
  external: 487445 }
2019-10-31 16:14:54: 5 { rss: 53567488,
  heapTotal: 38617088,
  heapUsed: 21376344,
  external: 487445 }
2019-10-31 16:14:54: 4 { rss: 53567488,
  heapTotal: 38617088,
  heapUsed: 21383048,
  external: 487445 }
2019-10-31 16:14:54: 3 { rss: 53567488,
  heapTotal: 38617088,
  heapUsed: 21389448,
  external: 487445 }
2019-10-31 16:14:54: 2 { rss: 53567488,
  heapTotal: 38617088,
  heapUsed: 21396232,
  external: 495637 }
2019-10-31 16:14:54: 1 { rss: 53567488,
  heapTotal: 38617088,
  heapUsed: 21402664,
  external: 495637 }
2019-10-31 16:14:54: connect to database successfully
2019-10-31 16:15:30: 2019-10-31T16:15:30+08:00
2019-10-31 16:15:30: 2019-10-31T16:15:30+08:00
2019-10-31 16:16:30: 2019-10-31T16:16:30+08:00
2019-10-31 16:16:30: 2019-10-31T16:16:30+08:00
2019-10-31 16:17:30: 2019-10-31T16:17:30+08:00
2019-10-31 16:17:30: 2019-10-31T16:17:30+08:00
2019-10-31 16:18:30: 2019-10-31T16:18:30+08:00
2019-10-31 16:18:30: 2019-10-31T16:18:30+08:00
2019-10-31 16:19:30: 2019-10-31T16:19:30+08:00
2019-10-31 16:19:30: 2019-10-31T16:19:30+08:00
2019-10-31 16:20:30: 2019-10-31T16:20:30+08:00
2019-10-31 16:20:43: init schedule tasks successfully
2019-10-31 16:20:43: connect to database successfully
2019-10-31 16:20:47: init schedule tasks successfully
2019-10-31 16:20:47: connect to database successfully
2019-10-31 16:21:30: 2019-10-31T16:21:30+08:00
2019-10-31 16:22:30: 2019-10-31T16:22:30+08:00
2019-10-31 16:23:30: 2019-10-31T16:23:30+08:00
2019-10-31 16:24:30: 2019-10-31T16:24:30+08:00
2019-10-31 16:25:30: 2019-10-31T16:25:30+08:00
2019-10-31 16:26:30: 2019-10-31T16:26:30+08:00
2019-10-31 16:27:30: 2019-10-31T16:27:30+08:00
