2019-10-31 14:29:22: init schedule tasks successfully
2019-10-31 14:29:22: connect to database successfully
2019-10-31 14:29:30: 2019-10-31T14:29:30+08:00
2019-10-31 14:30:30: 2019-10-31T14:30:30+08:00
2019-10-31 14:31:30: 2019-10-31T14:31:30+08:00
2019-10-31 14:32:30: 2019-10-31T14:32:30+08:00
2019-10-31 14:33:30: 2019-10-31T14:33:30+08:00
2019-10-31 14:34:30: 2019-10-31T14:34:30+08:00
2019-10-31 14:35:30: 2019-10-31T14:35:30+08:00
2019-10-31 14:36:30: 2019-10-31T14:36:30+08:00
2019-10-31 14:37:30: 2019-10-31T14:37:30+08:00
2019-10-31 14:38:30: 2019-10-31T14:38:30+08:00
2019-10-31 14:39:30: 2019-10-31T14:39:30+08:00
2019-10-31 14:40:30: 2019-10-31T14:40:30+08:00
2019-10-31 14:41:30: 2019-10-31T14:41:30+08:00
2019-10-31 14:42:30: 2019-10-31T14:42:30+08:00
2019-10-31 14:43:30: 2019-10-31T14:43:30+08:00
2019-10-31 14:44:30: 2019-10-31T14:44:30+08:00
2019-10-31 14:45:30: 2019-10-31T14:45:30+08:00
2019-10-31 14:46:30: 2019-10-31T14:46:30+08:00
2019-10-31 14:47:30: 2019-10-31T14:47:30+08:00
2019-10-31 14:48:30: 2019-10-31T14:48:30+08:00
2019-10-31 14:49:30: 2019-10-31T14:49:30+08:00
2019-10-31 14:50:30: 2019-10-31T14:50:30+08:00
2019-10-31 14:51:30: 2019-10-31T14:51:30+08:00
2019-10-31 14:52:30: 2019-10-31T14:52:30+08:00
2019-10-31 14:53:30: 2019-10-31T14:53:30+08:00
2019-10-31 14:54:30: 2019-10-31T14:54:30+08:00
2019-10-31 14:55:30: 2019-10-31T14:55:30+08:00
2019-10-31 14:56:30: 2019-10-31T14:56:30+08:00
2019-10-31 14:57:30: 2019-10-31T14:57:30+08:00
2019-10-31 14:58:30: 2019-10-31T14:58:30+08:00
2019-10-31 14:59:30: 2019-10-31T14:59:30+08:00
2019-10-31 15:00:30: 2019-10-31T15:00:30+08:00
2019-10-31 15:01:30: 2019-10-31T15:01:30+08:00
2019-10-31 15:02:30: 2019-10-31T15:02:30+08:00
2019-10-31 15:03:30: 2019-10-31T15:03:30+08:00
2019-10-31 15:04:30: 2019-10-31T15:04:30+08:00
2019-10-31 15:05:30: 2019-10-31T15:05:30+08:00
2019-10-31 15:06:30: 2019-10-31T15:06:30+08:00
2019-10-31 15:07:30: 2019-10-31T15:07:30+08:00
2019-10-31 15:08:30: 2019-10-31T15:08:30+08:00
2019-10-31 15:09:30: 2019-10-31T15:09:30+08:00
2019-10-31 15:10:30: 2019-10-31T15:10:30+08:00
2019-10-31 15:11:30: 2019-10-31T15:11:30+08:00
2019-10-31 15:12:30: 2019-10-31T15:12:30+08:00
2019-10-31 15:14:44: init schedule tasks successfully
2019-10-31 15:14:44: connect to database successfully
2019-10-31 15:14:47: init schedule tasks successfully
2019-10-31 15:14:50: init schedule tasks successfully
2019-10-31 15:14:51: connect to database successfully
2019-10-31 15:14:53: init schedule tasks successfully
2019-10-31 15:14:54: connect to database successfully
2019-10-31 15:14:56: init schedule tasks successfully
2019-10-31 15:14:59: init schedule tasks successfully
2019-10-31 15:15:01: init schedule tasks successfully
2019-10-31 15:15:03: init schedule tasks successfully
2019-10-31 15:15:03: connect to database successfully
2019-10-31 15:15:05: init schedule tasks successfully
2019-10-31 15:15:05: connect to database successfully
2019-10-31 15:15:08: init schedule tasks successfully
2019-10-31 15:15:10: init schedule tasks successfully
2019-10-31 15:15:13: init schedule tasks successfully
2019-10-31 15:15:15: init schedule tasks successfully
2019-10-31 15:15:15: connect to database successfully
2019-10-31 15:15:18: init schedule tasks successfully
2019-10-31 15:15:20: init schedule tasks successfully
2019-10-31 15:15:22: init schedule tasks successfully
2019-10-31 15:15:24: init schedule tasks successfully
2019-10-31 15:15:26: init schedule tasks successfully
2019-10-31 15:15:28: init schedule tasks successfully
2019-10-31 15:15:28: connect to database successfully
2019-10-31 15:15:30: init schedule tasks successfully
2019-10-31 15:15:32: init schedule tasks successfully
2019-10-31 15:15:34: init schedule tasks successfully
2019-10-31 15:15:34: connect to database successfully
2019-10-31 15:15:37: init schedule tasks successfully
2019-10-31 15:15:37: connect to database successfully
2019-10-31 15:15:39: init schedule tasks successfully
2019-10-31 15:15:39: connect to database successfully
2019-10-31 15:15:42: init schedule tasks successfully
2019-10-31 15:15:42: connect to database successfully
2019-10-31 16:14:44: init schedule tasks successfully
2019-10-31 16:14:44: 100 { rss: 53293056,
  heapTotal: 39141376,
  heapUsed: 20653056,
  external: 479253 }
2019-10-31 16:14:44: 99 { rss: 53366784,
  heapTotal: 39141376,
  heapUsed: 20687328,
  external: 479253 }
2019-10-31 16:14:44: 98 { rss: 53366784,
  heapTotal: 39141376,
  heapUsed: 20696656,
  external: 479253 }
2019-10-31 16:14:44: 97 { rss: 53366784,
  heapTotal: 39141376,
  heapUsed: 20703216,
  external: 479253 }
2019-10-31 16:14:44: 96 { rss: 53366784,
  heapTotal: 39141376,
  heapUsed: 20709952,
  external: 479253 }
2019-10-31 16:14:44: 95 { rss: 53366784,
  heapTotal: 39141376,
  heapUsed: 20716384,
  external: 479253 }
2019-10-31 16:14:44: 94 { rss: 53366784,
  heapTotal: 39141376,
  heapUsed: 20723120,
  external: 479253 }
2019-10-31 16:14:44: 93 { rss: 53366784,
  heapTotal: 39141376,
  heapUsed: 20729552,
  external: 479253 }
2019-10-31 16:14:44: 92 { rss: 53366784,
  heapTotal: 39141376,
  heapUsed: 20736288,
  external: 479253 }
2019-10-31 16:14:44: 91 { rss: 53366784,
  heapTotal: 39141376,
  heapUsed: 20742720,
  external: 479253 }
2019-10-31 16:14:44: 90 { rss: 53366784,
  heapTotal: 39141376,
  heapUsed: 20749456,
  external: 479253 }
2019-10-31 16:14:44: 89 { rss: 53366784,
  heapTotal: 39141376,
  heapUsed: 20755888,
  external: 479253 }
2019-10-31 16:14:44: 88 { rss: 53366784,
  heapTotal: 39141376,
  heapUsed: 20762624,
  external: 479253 }
2019-10-31 16:14:44: 87 { rss: 53366784,
  heapTotal: 39141376,
  heapUsed: 20769056,
  external: 479253 }
2019-10-31 16:14:44: 86 { rss: 53366784,
  heapTotal: 39141376,
  heapUsed: 20775792,
  external: 479253 }
2019-10-31 16:14:44: 85 { rss: 53366784,
  heapTotal: 39141376,
  heapUsed: 20782224,
  external: 479253 }
2019-10-31 16:14:44: 84 { rss: 53366784,
  heapTotal: 39141376,
  heapUsed: 20788960,
  external: 479253 }
2019-10-31 16:14:44: 83 { rss: 53366784,
  heapTotal: 39141376,
  heapUsed: 20795424,
  external: 479253 }
2019-10-31 16:14:44: 82 { rss: 53366784,
  heapTotal: 39141376,
  heapUsed: 20802160,
  external: 479253 }
2019-10-31 16:14:44: 81 { rss: 53366784,
  heapTotal: 39141376,
  heapUsed: 20808592,
  external: 479253 }
2019-10-31 16:14:44: 80 { rss: 53366784,
  heapTotal: 39141376,
  heapUsed: 20815328,
  external: 479253 }
2019-10-31 16:14:44: 79 { rss: 53366784,
  heapTotal: 39141376,
  heapUsed: 20821760,
  external: 479253 }
2019-10-31 16:14:44: 78 { rss: 53370880,
  heapTotal: 39141376,
  heapUsed: 20828496,
  external: 479253 }
2019-10-31 16:14:44: 77 { rss: 53370880,
  heapTotal: 39141376,
  heapUsed: 20834960,
  external: 479253 }
2019-10-31 16:14:44: 76 { rss: 53370880,
  heapTotal: 39141376,
  heapUsed: 20841696,
  external: 479253 }
2019-10-31 16:14:44: 75 { rss: 53370880,
  heapTotal: 39141376,
  heapUsed: 20848224,
  external: 487445 }
2019-10-31 16:14:44: 74 { rss: 53370880,
  heapTotal: 39141376,
  heapUsed: 20854992,
  external: 487445 }
2019-10-31 16:14:44: 73 { rss: 53370880,
  heapTotal: 39141376,
  heapUsed: 20861424,
  external: 487445 }
2019-10-31 16:14:44: 72 { rss: 53370880,
  heapTotal: 39141376,
  heapUsed: 20868160,
  external: 487445 }
2019-10-31 16:14:44: 71 { rss: 53370880,
  heapTotal: 39141376,
  heapUsed: 20874592,
  external: 487445 }
2019-10-31 16:14:44: 70 { rss: 53370880,
  heapTotal: 39141376,
  heapUsed: 20881328,
  external: 487445 }
2019-10-31 16:14:44: 69 { rss: 53370880,
  heapTotal: 39141376,
  heapUsed: 20887760,
  external: 487445 }
2019-10-31 16:14:44: 68 { rss: 53370880,
  heapTotal: 39141376,
  heapUsed: 20894496,
  external: 487445 }
2019-10-31 16:14:44: 67 { rss: 53370880,
  heapTotal: 39141376,
  heapUsed: 20900928,
  external: 487445 }
2019-10-31 16:14:44: 66 { rss: 53370880,
  heapTotal: 39141376,
  heapUsed: 20907664,
  external: 487445 }
2019-10-31 16:14:44: 65 { rss: 53370880,
  heapTotal: 39141376,
  heapUsed: 20914096,
  external: 487445 }
2019-10-31 16:14:44: 64 { rss: 53370880,
  heapTotal: 39141376,
  heapUsed: 20920832,
  external: 487445 }
2019-10-31 16:14:44: 63 { rss: 53370880,
  heapTotal: 39141376,
  heapUsed: 20927264,
  external: 487445 }
2019-10-31 16:14:44: 62 { rss: 53370880,
  heapTotal: 39141376,
  heapUsed: 20934000,
  external: 487445 }
2019-10-31 16:14:44: 61 { rss: 53370880,
  heapTotal: 39141376,
  heapUsed: 20940432,
  external: 487445 }
2019-10-31 16:14:44: 60 { rss: 53370880,
  heapTotal: 39141376,
  heapUsed: 20947168,
  external: 487445 }
2019-10-31 16:14:44: 59 { rss: 53370880,
  heapTotal: 39141376,
  heapUsed: 20953600,
  external: 487445 }
2019-10-31 16:14:44: 58 { rss: 53370880,
  heapTotal: 39141376,
  heapUsed: 20960336,
  external: 487445 }
2019-10-31 16:14:44: 57 { rss: 53370880,
  heapTotal: 39141376,
  heapUsed: 20966768,
  external: 487445 }
2019-10-31 16:14:44: 56 { rss: 53370880,
  heapTotal: 39141376,
  heapUsed: 20973536,
  external: 487445 }
2019-10-31 16:14:44: 55 { rss: 53370880,
  heapTotal: 39141376,
  heapUsed: 20979968,
  external: 487445 }
2019-10-31 16:14:44: 54 { rss: 53370880,
  heapTotal: 39141376,
  heapUsed: 20986704,
  external: 487445 }
2019-10-31 16:14:44: 53 { rss: 53370880,
  heapTotal: 39141376,
  heapUsed: 20993136,
  external: 487445 }
2019-10-31 16:14:44: 52 { rss: 53370880,
  heapTotal: 39141376,
  heapUsed: 20999872,
  external: 487445 }
2019-10-31 16:14:44: 51 { rss: 53374976,
  heapTotal: 39141376,
  heapUsed: 21006304,
  external: 487445 }
2019-10-31 16:14:44: 50 { rss: 53379072,
  heapTotal: 39141376,
  heapUsed: 21013072,
  external: 487445 }
2019-10-31 16:14:44: 49 { rss: 53383168,
  heapTotal: 39141376,
  heapUsed: 21019536,
  external: 487445 }
2019-10-31 16:14:44: 48 { rss: 53383168,
  heapTotal: 39141376,
  heapUsed: 21026304,
  external: 487445 }
2019-10-31 16:14:44: 47 { rss: 53383168,
  heapTotal: 39141376,
  heapUsed: 21032736,
  external: 487445 }
2019-10-31 16:14:44: 46 { rss: 53383168,
  heapTotal: 39141376,
  heapUsed: 21039440,
  external: 487445 }
2019-10-31 16:14:44: 45 { rss: 53383168,
  heapTotal: 39141376,
  heapUsed: 21045872,
  external: 487445 }
2019-10-31 16:14:44: 44 { rss: 53383168,
  heapTotal: 39141376,
  heapUsed: 21052608,
  external: 487445 }
2019-10-31 16:14:44: 43 { rss: 53391360,
  heapTotal: 39141376,
  heapUsed: 21059008,
  external: 487445 }
2019-10-31 16:14:44: 42 { rss: 53391360,
  heapTotal: 39141376,
  heapUsed: 21065776,
  external: 487445 }
2019-10-31 16:14:44: 41 { rss: 53391360,
  heapTotal: 39141376,
  heapUsed: 21072208,
  external: 487445 }
2019-10-31 16:14:44: 40 { rss: 53391360,
  heapTotal: 39141376,
  heapUsed: 21078944,
  external: 487445 }
2019-10-31 16:14:44: 39 { rss: 53391360,
  heapTotal: 39141376,
  heapUsed: 21085376,
  external: 487445 }
2019-10-31 16:14:44: 38 { rss: 53391360,
  heapTotal: 39141376,
  heapUsed: 21092112,
  external: 487445 }
2019-10-31 16:14:44: 37 { rss: 53391360,
  heapTotal: 39141376,
  heapUsed: 21098544,
  external: 487445 }
2019-10-31 16:14:44: 36 { rss: 53391360,
  heapTotal: 39141376,
  heapUsed: 21105280,
  external: 487445 }
2019-10-31 16:14:44: 35 { rss: 53391360,
  heapTotal: 39141376,
  heapUsed: 21111712,
  external: 487445 }
2019-10-31 16:14:44: 34 { rss: 53391360,
  heapTotal: 39141376,
  heapUsed: 21118448,
  external: 487445 }
2019-10-31 16:14:44: 33 { rss: 53391360,
  heapTotal: 39141376,
  heapUsed: 21124880,
  external: 487445 }
2019-10-31 16:14:44: 32 { rss: 53391360,
  heapTotal: 39141376,
  heapUsed: 21131616,
  external: 487445 }
2019-10-31 16:14:44: 31 { rss: 53391360,
  heapTotal: 39141376,
  heapUsed: 21138048,
  external: 487445 }
2019-10-31 16:14:44: 30 { rss: 53391360,
  heapTotal: 39141376,
  heapUsed: 21144752,
  external: 487445 }
2019-10-31 16:14:44: 29 { rss: 53391360,
  heapTotal: 39141376,
  heapUsed: 21151184,
  external: 487445 }
2019-10-31 16:14:44: 28 { rss: 53395456,
  heapTotal: 39141376,
  heapUsed: 21157920,
  external: 487445 }
2019-10-31 16:14:44: 27 { rss: 53395456,
  heapTotal: 39141376,
  heapUsed: 21164384,
  external: 487445 }
2019-10-31 16:14:44: 26 { rss: 53395456,
  heapTotal: 39141376,
  heapUsed: 21171120,
  external: 487445 }
2019-10-31 16:14:44: 25 { rss: 53395456,
  heapTotal: 39141376,
  heapUsed: 21177552,
  external: 487445 }
2019-10-31 16:14:44: 24 { rss: 53395456,
  heapTotal: 39141376,
  heapUsed: 21184288,
  external: 487445 }
2019-10-31 16:14:44: 23 { rss: 53395456,
  heapTotal: 39141376,
  heapUsed: 21190720,
  external: 487445 }
2019-10-31 16:14:44: 22 { rss: 53395456,
  heapTotal: 39141376,
  heapUsed: 21197456,
  external: 487445 }
2019-10-31 16:14:44: 21 { rss: 53395456,
  heapTotal: 39141376,
  heapUsed: 21203888,
  external: 487445 }
2019-10-31 16:14:44: 20 { rss: 53395456,
  heapTotal: 39141376,
  heapUsed: 21210624,
  external: 487445 }
2019-10-31 16:14:44: 19 { rss: 53399552,
  heapTotal: 39141376,
  heapUsed: 21217056,
  external: 487445 }
2019-10-31 16:14:44: 18 { rss: 53399552,
  heapTotal: 39141376,
  heapUsed: 21223824,
  external: 487445 }
2019-10-31 16:14:44: 17 { rss: 53399552,
  heapTotal: 39141376,
  heapUsed: 21230256,
  external: 487445 }
2019-10-31 16:14:44: 16 { rss: 53399552,
  heapTotal: 39141376,
  heapUsed: 21236992,
  external: 487445 }
2019-10-31 16:14:44: 15 { rss: 53399552,
  heapTotal: 39141376,
  heapUsed: 21243392,
  external: 487445 }
2019-10-31 16:14:44: 14 { rss: 53399552,
  heapTotal: 39141376,
  heapUsed: 21250128,
  external: 487445 }
2019-10-31 16:14:44: 13 { rss: 53399552,
  heapTotal: 39141376,
  heapUsed: 21256528,
  external: 487445 }
2019-10-31 16:14:44: 12 { rss: 53399552,
  heapTotal: 39141376,
  heapUsed: 21263264,
  external: 487445 }
2019-10-31 16:14:44: 11 { rss: 53399552,
  heapTotal: 39141376,
  heapUsed: 21269696,
  external: 487445 }
2019-10-31 16:14:44: 10 { rss: 53399552,
  heapTotal: 39141376,
  heapUsed: 21276432,
  external: 487445 }
2019-10-31 16:14:44: 9 { rss: 53399552,
  heapTotal: 39141376,
  heapUsed: 21282832,
  external: 487445 }
2019-10-31 16:14:44: 8 { rss: 53403648,
  heapTotal: 39141376,
  heapUsed: 21289536,
  external: 487445 }
2019-10-31 16:14:44: 7 { rss: 53403648,
  heapTotal: 39141376,
  heapUsed: 21295968,
  external: 487445 }
2019-10-31 16:14:44: 6 { rss: 53403648,
  heapTotal: 39141376,
  heapUsed: 21302672,
  external: 487445 }
2019-10-31 16:14:44: 5 { rss: 53403648,
  heapTotal: 39141376,
  heapUsed: 21309072,
  external: 487445 }
2019-10-31 16:14:44: 4 { rss: 53403648,
  heapTotal: 39141376,
  heapUsed: 21315776,
  external: 487445 }
2019-10-31 16:14:44: 3 { rss: 53403648,
  heapTotal: 39141376,
  heapUsed: 21322176,
  external: 487445 }
2019-10-31 16:14:44: 2 { rss: 53403648,
  heapTotal: 39141376,
  heapUsed: 21328960,
  external: 495637 }
2019-10-31 16:14:44: 1 { rss: 53407744,
  heapTotal: 39141376,
  heapUsed: 21335392,
  external: 495637 }
2019-10-31 16:14:45: connect to database successfully
2019-10-31 16:14:51: init schedule tasks successfully
2019-10-31 16:14:51: 100 { rss: 52092928,
  heapTotal: 38092800,
  heapUsed: 21727048,
  external: 479253 }
2019-10-31 16:14:51: 99 { rss: 52092928,
  heapTotal: 38092800,
  heapUsed: 21761752,
  external: 479253 }
2019-10-31 16:14:51: 98 { rss: 52092928,
  heapTotal: 38092800,
  heapUsed: 21771080,
  external: 479253 }
2019-10-31 16:14:51: 97 { rss: 52092928,
  heapTotal: 38092800,
  heapUsed: 21777640,
  external: 479253 }
2019-10-31 16:14:51: 96 { rss: 52092928,
  heapTotal: 38092800,
  heapUsed: 21784376,
  external: 479253 }
2019-10-31 16:14:51: 95 { rss: 52092928,
  heapTotal: 38092800,
  heapUsed: 21790808,
  external: 479253 }
2019-10-31 16:14:51: 94 { rss: 52092928,
  heapTotal: 38092800,
  heapUsed: 21797544,
  external: 479253 }
2019-10-31 16:14:51: 93 { rss: 52092928,
  heapTotal: 38092800,
  heapUsed: 21803976,
  external: 479253 }
2019-10-31 16:14:51: 92 { rss: 52092928,
  heapTotal: 38092800,
  heapUsed: 21810712,
  external: 479253 }
2019-10-31 16:14:51: 91 { rss: 52092928,
  heapTotal: 38092800,
  heapUsed: 21817144,
  external: 479253 }
2019-10-31 16:14:51: 90 { rss: 52097024,
  heapTotal: 38092800,
  heapUsed: 21823880,
  external: 479253 }
2019-10-31 16:14:51: 89 { rss: 52097024,
  heapTotal: 38092800,
  heapUsed: 21830344,
  external: 479253 }
2019-10-31 16:14:51: 88 { rss: 52097024,
  heapTotal: 38092800,
  heapUsed: 21837080,
  external: 479253 }
2019-10-31 16:14:51: 87 { rss: 52097024,
  heapTotal: 38092800,
  heapUsed: 21843512,
  external: 479253 }
2019-10-31 16:14:51: 86 { rss: 52097024,
  heapTotal: 38092800,
  heapUsed: 21850248,
  external: 479253 }
2019-10-31 16:14:51: 85 { rss: 52097024,
  heapTotal: 38092800,
  heapUsed: 21856680,
  external: 479253 }
2019-10-31 16:14:51: 84 { rss: 52097024,
  heapTotal: 38092800,
  heapUsed: 21863416,
  external: 479253 }
2019-10-31 16:14:51: 83 { rss: 52101120,
  heapTotal: 38092800,
  heapUsed: 21869880,
  external: 479253 }
2019-10-31 16:14:51: 82 { rss: 52101120,
  heapTotal: 38092800,
  heapUsed: 21876648,
  external: 479253 }
2019-10-31 16:14:51: 81 { rss: 52101120,
  heapTotal: 38092800,
  heapUsed: 21883080,
  external: 479253 }
2019-10-31 16:14:51: 80 { rss: 52101120,
  heapTotal: 38092800,
  heapUsed: 21889816,
  external: 479253 }
2019-10-31 16:14:51: 79 { rss: 52101120,
  heapTotal: 38092800,
  heapUsed: 21896248,
  external: 479253 }
2019-10-31 16:14:51: 78 { rss: 52101120,
  heapTotal: 38092800,
  heapUsed: 21902984,
  external: 479253 }
2019-10-31 16:14:51: 77 { rss: 52101120,
  heapTotal: 38092800,
  heapUsed: 21909416,
  external: 479253 }
2019-10-31 16:14:51: 76 { rss: 52101120,
  heapTotal: 38092800,
  heapUsed: 21916152,
  external: 479253 }
2019-10-31 16:14:51: 75 { rss: 52101120,
  heapTotal: 38092800,
  heapUsed: 21922680,
  external: 487445 }
2019-10-31 16:14:51: 74 { rss: 52101120,
  heapTotal: 38092800,
  heapUsed: 21929448,
  external: 487445 }
2019-10-31 16:14:51: 73 { rss: 52101120,
  heapTotal: 38092800,
  heapUsed: 21935880,
  external: 487445 }
2019-10-31 16:14:51: 72 { rss: 52105216,
  heapTotal: 38092800,
  heapUsed: 21942616,
  external: 487445 }
2019-10-31 16:14:51: 71 { rss: 52105216,
  heapTotal: 38092800,
  heapUsed: 21949080,
  external: 487445 }
2019-10-31 16:14:51: 70 { rss: 52105216,
  heapTotal: 38092800,
  heapUsed: 21955816,
  external: 487445 }
2019-10-31 16:14:51: 69 { rss: 52105216,
  heapTotal: 38092800,
  heapUsed: 21962248,
  external: 487445 }
2019-10-31 16:14:51: 68 { rss: 52105216,
  heapTotal: 38092800,
  heapUsed: 21968984,
  external: 487445 }
2019-10-31 16:14:51: 67 { rss: 52105216,
  heapTotal: 38092800,
  heapUsed: 21975416,
  external: 487445 }
2019-10-31 16:14:51: 66 { rss: 52105216,
  heapTotal: 38092800,
  heapUsed: 21982152,
  external: 487445 }
2019-10-31 16:14:51: 65 { rss: 52105216,
  heapTotal: 38092800,
  heapUsed: 21988584,
  external: 487445 }
2019-10-31 16:14:51: 64 { rss: 52105216,
  heapTotal: 38092800,
  heapUsed: 21995320,
  external: 487445 }
2019-10-31 16:14:51: 63 { rss: 52105216,
  heapTotal: 38092800,
  heapUsed: 22001776,
  external: 487445 }
2019-10-31 16:14:51: 62 { rss: 52105216,
  heapTotal: 38092800,
  heapUsed: 22008512,
  external: 487445 }
2019-10-31 16:14:51: 61 { rss: 52105216,
  heapTotal: 38092800,
  heapUsed: 22014944,
  external: 487445 }
2019-10-31 16:14:51: 60 { rss: 52113408,
  heapTotal: 38092800,
  heapUsed: 22021680,
  external: 487445 }
2019-10-31 16:14:51: 59 { rss: 52113408,
  heapTotal: 38092800,
  heapUsed: 22028144,
  external: 487445 }
2019-10-31 16:14:51: 58 { rss: 52117504,
  heapTotal: 38092800,
  heapUsed: 22034848,
  external: 487445 }
2019-10-31 16:14:51: 57 { rss: 52117504,
  heapTotal: 38092800,
  heapUsed: 22041312,
  external: 487445 }
2019-10-31 16:14:51: 56 { rss: 52117504,
  heapTotal: 38092800,
  heapUsed: 22048048,
  external: 487445 }
2019-10-31 16:14:51: 55 { rss: 52117504,
  heapTotal: 38092800,
  heapUsed: 22054480,
  external: 487445 }
2019-10-31 16:14:51: 54 { rss: 52117504,
  heapTotal: 38092800,
  heapUsed: 22061216,
  external: 487445 }
2019-10-31 16:14:51: 53 { rss: 52117504,
  heapTotal: 38092800,
  heapUsed: 22067648,
  external: 487445 }
2019-10-31 16:14:51: 52 { rss: 52117504,
  heapTotal: 38092800,
  heapUsed: 22074384,
  external: 487445 }
2019-10-31 16:14:51: 51 { rss: 52121600,
  heapTotal: 38092800,
  heapUsed: 22080816,
  external: 487445 }
2019-10-31 16:14:51: 50 { rss: 52121600,
  heapTotal: 38092800,
  heapUsed: 22087552,
  external: 487445 }
2019-10-31 16:14:51: 49 { rss: 52121600,
  heapTotal: 38092800,
  heapUsed: 22093984,
  external: 487445 }
2019-10-31 16:14:51: 48 { rss: 52121600,
  heapTotal: 38092800,
  heapUsed: 22100720,
  external: 487445 }
2019-10-31 16:14:51: 47 { rss: 52121600,
  heapTotal: 38092800,
  heapUsed: 22107152,
  external: 487445 }
2019-10-31 16:14:51: 46 { rss: 52121600,
  heapTotal: 38092800,
  heapUsed: 22113856,
  external: 487445 }
2019-10-31 16:14:51: 45 { rss: 52121600,
  heapTotal: 38092800,
  heapUsed: 22120288,
  external: 487445 }
2019-10-31 16:14:51: 44 { rss: 52121600,
  heapTotal: 38092800,
  heapUsed: 22127024,
  external: 487445 }
2019-10-31 16:14:51: 43 { rss: 52121600,
  heapTotal: 38092800,
  heapUsed: 22133456,
  external: 487445 }
2019-10-31 16:14:51: 42 { rss: 52121600,
  heapTotal: 38092800,
  heapUsed: 22140192,
  external: 487445 }
2019-10-31 16:14:51: 41 { rss: 52121600,
  heapTotal: 38092800,
  heapUsed: 22146624,
  external: 487445 }
2019-10-31 16:14:51: 40 { rss: 52121600,
  heapTotal: 38092800,
  heapUsed: 22153360,
  external: 487445 }
2019-10-31 16:14:51: 39 { rss: 52121600,
  heapTotal: 38092800,
  heapUsed: 22159792,
  external: 487445 }
2019-10-31 16:14:51: 38 { rss: 52121600,
  heapTotal: 38092800,
  heapUsed: 22166528,
  external: 487445 }
2019-10-31 16:14:51: 37 { rss: 52133888,
  heapTotal: 38092800,
  heapUsed: 22172960,
  external: 487445 }
2019-10-31 16:14:51: 36 { rss: 52133888,
  heapTotal: 38092800,
  heapUsed: 22179728,
  external: 487445 }
2019-10-31 16:14:51: 35 { rss: 52133888,
  heapTotal: 38092800,
  heapUsed: 22186160,
  external: 487445 }
2019-10-31 16:14:51: 34 { rss: 52133888,
  heapTotal: 38092800,
  heapUsed: 22192896,
  external: 487445 }
2019-10-31 16:14:51: 33 { rss: 52133888,
  heapTotal: 38092800,
  heapUsed: 22199328,
  external: 487445 }
2019-10-31 16:14:51: 32 { rss: 52137984,
  heapTotal: 38092800,
  heapUsed: 22206064,
  external: 487445 }
2019-10-31 16:14:51: 31 { rss: 52137984,
  heapTotal: 38092800,
  heapUsed: 22212528,
  external: 487445 }
2019-10-31 16:14:51: 30 { rss: 52137984,
  heapTotal: 38092800,
  heapUsed: 22219232,
  external: 487445 }
2019-10-31 16:14:51: 29 { rss: 52137984,
  heapTotal: 38092800,
  heapUsed: 22225664,
  external: 487445 }
2019-10-31 16:14:51: 28 { rss: 52137984,
  heapTotal: 38092800,
  heapUsed: 22232400,
  external: 487445 }
2019-10-31 16:14:51: 27 { rss: 52137984,
  heapTotal: 38092800,
  heapUsed: 22238832,
  external: 487445 }
2019-10-31 16:14:51: 26 { rss: 52146176,
  heapTotal: 38092800,
  heapUsed: 22245568,
  external: 487445 }
2019-10-31 16:14:51: 25 { rss: 52146176,
  heapTotal: 38092800,
  heapUsed: 22252032,
  external: 487445 }
2019-10-31 16:14:51: 24 { rss: 52146176,
  heapTotal: 38092800,
  heapUsed: 22258768,
  external: 487445 }
2019-10-31 16:14:51: 23 { rss: 52146176,
  heapTotal: 38092800,
  heapUsed: 22265200,
  external: 487445 }
2019-10-31 16:14:51: 22 { rss: 52146176,
  heapTotal: 38092800,
  heapUsed: 22271904,
  external: 487445 }
2019-10-31 16:14:51: 21 { rss: 52146176,
  heapTotal: 38092800,
  heapUsed: 22278336,
  external: 487445 }
2019-10-31 16:14:51: 20 { rss: 52146176,
  heapTotal: 38092800,
  heapUsed: 22285072,
  external: 487445 }
2019-10-31 16:14:51: 19 { rss: 52146176,
  heapTotal: 38092800,
  heapUsed: 22291504,
  external: 487445 }
2019-10-31 16:14:51: 18 { rss: 52146176,
  heapTotal: 38092800,
  heapUsed: 22298240,
  external: 487445 }
2019-10-31 16:14:51: 17 { rss: 52146176,
  heapTotal: 38092800,
  heapUsed: 22304672,
  external: 487445 }
2019-10-31 16:14:51: 16 { rss: 52146176,
  heapTotal: 38092800,
  heapUsed: 22311408,
  external: 487445 }
2019-10-31 16:14:51: 15 { rss: 52146176,
  heapTotal: 38092800,
  heapUsed: 22317808,
  external: 487445 }
2019-10-31 16:14:51: 14 { rss: 52146176,
  heapTotal: 38092800,
  heapUsed: 22324544,
  external: 487445 }
2019-10-31 16:14:51: 13 { rss: 52146176,
  heapTotal: 38092800,
  heapUsed: 22330944,
  external: 487445 }
2019-10-31 16:14:51: 12 { rss: 52146176,
  heapTotal: 38092800,
  heapUsed: 22337680,
  external: 487445 }
2019-10-31 16:14:51: 11 { rss: 52146176,
  heapTotal: 38092800,
  heapUsed: 22344080,
  external: 487445 }
2019-10-31 16:14:51: 10 { rss: 52146176,
  heapTotal: 38092800,
  heapUsed: 22350816,
  external: 487445 }
2019-10-31 16:14:51: 9 { rss: 52146176,
  heapTotal: 38092800,
  heapUsed: 22357216,
  external: 487445 }
2019-10-31 16:14:51: 8 { rss: 52146176,
  heapTotal: 38092800,
  heapUsed: 22363920,
  external: 487445 }
2019-10-31 16:14:51: 7 { rss: 52146176,
  heapTotal: 38092800,
  heapUsed: 22370320,
  external: 487445 }
2019-10-31 16:14:51: 6 { rss: 52146176,
  heapTotal: 38092800,
  heapUsed: 22377024,
  external: 487445 }
2019-10-31 16:14:51: 5 { rss: 52146176,
  heapTotal: 38092800,
  heapUsed: 22383424,
  external: 487445 }
2019-10-31 16:14:51: 4 { rss: 52146176,
  heapTotal: 38092800,
  heapUsed: 22390128,
  external: 487445 }
2019-10-31 16:14:51: 3 { rss: 52146176,
  heapTotal: 38092800,
  heapUsed: 22396528,
  external: 487445 }
2019-10-31 16:14:51: 2 { rss: 52162560,
  heapTotal: 38092800,
  heapUsed: 22403312,
  external: 495637 }
2019-10-31 16:14:51: 1 { rss: 52162560,
  heapTotal: 38092800,
  heapUsed: 22409776,
  external: 495637 }
2019-10-31 16:14:51: connect to database successfully
2019-10-31 16:14:54: init schedule tasks successfully
2019-10-31 16:14:54: 100 { rss: 52854784,
  heapTotal: 38617088,
  heapUsed: 20913264,
  external: 479253 }
2019-10-31 16:14:54: 99 { rss: 52895744,
  heapTotal: 38617088,
  heapUsed: 20947952,
  external: 479253 }
2019-10-31 16:14:54: 98 { rss: 52895744,
  heapTotal: 38617088,
  heapUsed: 20957280,
  external: 479253 }
2019-10-31 16:14:54: 97 { rss: 52895744,
  heapTotal: 38617088,
  heapUsed: 20963840,
  external: 479253 }
2019-10-31 16:14:54: 96 { rss: 52895744,
  heapTotal: 38617088,
  heapUsed: 20970576,
  external: 479253 }
2019-10-31 16:14:54: 95 { rss: 52895744,
  heapTotal: 38617088,
  heapUsed: 20977008,
  external: 479253 }
2019-10-31 16:14:54: 94 { rss: 52895744,
  heapTotal: 38617088,
  heapUsed: 20983744,
  external: 479253 }
2019-10-31 16:14:54: 93 { rss: 52895744,
  heapTotal: 38617088,
  heapUsed: 20990176,
  external: 479253 }
2019-10-31 16:14:54: 92 { rss: 52895744,
  heapTotal: 38617088,
  heapUsed: 20996912,
  external: 479253 }
2019-10-31 16:14:54: 91 { rss: 52895744,
  heapTotal: 38617088,
  heapUsed: 21003344,
  external: 479253 }
2019-10-31 16:14:54: 90 { rss: 52895744,
  heapTotal: 38617088,
  heapUsed: 21010080,
  external: 479253 }
2019-10-31 16:14:54: 89 { rss: 52895744,
  heapTotal: 38617088,
  heapUsed: 21016512,
  external: 479253 }
2019-10-31 16:14:54: 88 { rss: 52895744,
  heapTotal: 38617088,
  heapUsed: 21023248,
  external: 479253 }
2019-10-31 16:14:54: 87 { rss: 52895744,
  heapTotal: 38617088,
  heapUsed: 21029680,
  external: 479253 }
2019-10-31 16:14:54: 86 { rss: 52895744,
  heapTotal: 38617088,
  heapUsed: 21036416,
  external: 479253 }
2019-10-31 16:14:54: 85 { rss: 52895744,
  heapTotal: 38617088,
  heapUsed: 21042848,
  external: 479253 }
2019-10-31 16:14:54: 84 { rss: 52895744,
  heapTotal: 38617088,
  heapUsed: 21049584,
  external: 479253 }
2019-10-31 16:14:54: 83 { rss: 52895744,
  heapTotal: 38617088,
  heapUsed: 21056048,
  external: 479253 }
2019-10-31 16:14:54: 82 { rss: 52895744,
  heapTotal: 38617088,
  heapUsed: 21062784,
  external: 479253 }
2019-10-31 16:14:54: 81 { rss: 52895744,
  heapTotal: 38617088,
  heapUsed: 21069216,
  external: 479253 }
2019-10-31 16:14:54: 80 { rss: 52895744,
  heapTotal: 38617088,
  heapUsed: 21075952,
  external: 479253 }
2019-10-31 16:14:54: 79 { rss: 52895744,
  heapTotal: 38617088,
  heapUsed: 21082384,
  external: 479253 }
2019-10-31 16:14:54: 78 { rss: 52895744,
  heapTotal: 38617088,
  heapUsed: 21089120,
  external: 479253 }
2019-10-31 16:14:54: 77 { rss: 52895744,
  heapTotal: 38617088,
  heapUsed: 21095552,
  external: 479253 }
2019-10-31 16:14:54: 76 { rss: 52895744,
  heapTotal: 38617088,
  heapUsed: 21102288,
  external: 479253 }
2019-10-31 16:14:54: 75 { rss: 52895744,
  heapTotal: 38617088,
  heapUsed: 21108816,
  external: 487445 }
2019-10-31 16:14:54: 74 { rss: 52895744,
  heapTotal: 38617088,
  heapUsed: 21115584,
  external: 487445 }
2019-10-31 16:14:54: 73 { rss: 52895744,
  heapTotal: 38617088,
  heapUsed: 21122104,
  external: 487445 }
2019-10-31 16:14:54: 72 { rss: 52899840,
  heapTotal: 38617088,
  heapUsed: 21128840,
  external: 487445 }
2019-10-31 16:14:54: 71 { rss: 52899840,
  heapTotal: 38617088,
  heapUsed: 21135304,
  external: 487445 }
2019-10-31 16:14:54: 70 { rss: 52899840,
  heapTotal: 38617088,
  heapUsed: 21142040,
  external: 487445 }
2019-10-31 16:14:54: 69 { rss: 52899840,
  heapTotal: 38617088,
  heapUsed: 21148472,
  external: 487445 }
2019-10-31 16:14:54: 68 { rss: 52899840,
  heapTotal: 38617088,
  heapUsed: 21155208,
  external: 487445 }
2019-10-31 16:14:54: 67 { rss: 52899840,
  heapTotal: 38617088,
  heapUsed: 21161640,
  external: 487445 }
2019-10-31 16:14:54: 66 { rss: 52899840,
  heapTotal: 38617088,
  heapUsed: 21168376,
  external: 487445 }
2019-10-31 16:14:54: 65 { rss: 52899840,
  heapTotal: 38617088,
  heapUsed: 21174808,
  external: 487445 }
2019-10-31 16:14:54: 64 { rss: 52899840,
  heapTotal: 38617088,
  heapUsed: 21181544,
  external: 487445 }
2019-10-31 16:14:54: 63 { rss: 52899840,
  heapTotal: 38617088,
  heapUsed: 21187976,
  external: 487445 }
2019-10-31 16:14:54: 62 { rss: 52899840,
  heapTotal: 38617088,
  heapUsed: 21194712,
  external: 487445 }
2019-10-31 16:14:54: 61 { rss: 52899840,
  heapTotal: 38617088,
  heapUsed: 21201144,
  external: 487445 }
2019-10-31 16:14:54: 60 { rss: 52899840,
  heapTotal: 38617088,
  heapUsed: 21207880,
  external: 487445 }
2019-10-31 16:14:54: 59 { rss: 52899840,
  heapTotal: 38617088,
  heapUsed: 21214312,
  external: 487445 }
2019-10-31 16:14:54: 58 { rss: 52899840,
  heapTotal: 38617088,
  heapUsed: 21221016,
  external: 487445 }
2019-10-31 16:14:54: 57 { rss: 52899840,
  heapTotal: 38617088,
  heapUsed: 21227448,
  external: 487445 }
2019-10-31 16:14:54: 56 { rss: 52899840,
  heapTotal: 38617088,
  heapUsed: 21234184,
  external: 487445 }
2019-10-31 16:14:54: 55 { rss: 52899840,
  heapTotal: 38617088,
  heapUsed: 21240616,
  external: 487445 }
2019-10-31 16:14:54: 54 { rss: 52899840,
  heapTotal: 38617088,
  heapUsed: 21247352,
  external: 487445 }
2019-10-31 16:14:54: 53 { rss: 52899840,
  heapTotal: 38617088,
  heapUsed: 21253752,
  external: 487445 }
2019-10-31 16:14:54: 52 { rss: 52899840,
  heapTotal: 38617088,
  heapUsed: 21260488,
  external: 487445 }
2019-10-31 16:14:54: 51 { rss: 52903936,
  heapTotal: 38617088,
  heapUsed: 21266920,
  external: 487445 }
2019-10-31 16:14:54: 50 { rss: 52903936,
  heapTotal: 38617088,
  heapUsed: 21273688,
  external: 487445 }
2019-10-31 16:14:54: 49 { rss: 52903936,
  heapTotal: 38617088,
  heapUsed: 21280120,
  external: 487445 }
2019-10-31 16:14:54: 48 { rss: 52908032,
  heapTotal: 38617088,
  heapUsed: 21286856,
  external: 487445 }
2019-10-31 16:14:54: 47 { rss: 52908032,
  heapTotal: 38617088,
  heapUsed: 21293320,
  external: 487445 }
2019-10-31 16:14:54: 46 { rss: 52908032,
  heapTotal: 38617088,
  heapUsed: 21300024,
  external: 487445 }
2019-10-31 16:14:54: 45 { rss: 52916224,
  heapTotal: 38617088,
  heapUsed: 21306456,
  external: 487445 }
2019-10-31 16:14:54: 44 { rss: 52916224,
  heapTotal: 38617088,
  heapUsed: 21313224,
  external: 487445 }
2019-10-31 16:14:54: 43 { rss: 52916224,
  heapTotal: 38617088,
  heapUsed: 21319656,
  external: 487445 }
2019-10-31 16:14:54: 42 { rss: 52916224,
  heapTotal: 38617088,
  heapUsed: 21326392,
  external: 487445 }
2019-10-31 16:14:54: 41 { rss: 52916224,
  heapTotal: 38617088,
  heapUsed: 21332824,
  external: 487445 }
2019-10-31 16:14:54: 40 { rss: 52916224,
  heapTotal: 38617088,
  heapUsed: 21339560,
  external: 487445 }
2019-10-31 16:14:54: 39 { rss: 52916224,
  heapTotal: 38617088,
  heapUsed: 21345992,
  external: 487445 }
2019-10-31 16:14:54: 38 { rss: 52916224,
  heapTotal: 38617088,
  heapUsed: 21352728,
  external: 487445 }
2019-10-31 16:14:54: 37 { rss: 52916224,
  heapTotal: 38617088,
  heapUsed: 21359160,
  external: 487445 }
2019-10-31 16:14:54: 36 { rss: 52916224,
  heapTotal: 38617088,
  heapUsed: 21365896,
  external: 487445 }
2019-10-31 16:14:54: 35 { rss: 52916224,
  heapTotal: 38617088,
  heapUsed: 21372328,
  external: 487445 }
2019-10-31 16:14:54: 34 { rss: 52916224,
  heapTotal: 38617088,
  heapUsed: 21379064,
  external: 487445 }
2019-10-31 16:14:54: 33 { rss: 52916224,
  heapTotal: 38617088,
  heapUsed: 21385496,
  external: 487445 }
2019-10-31 16:14:54: 32 { rss: 52916224,
  heapTotal: 38617088,
  heapUsed: 21392232,
  external: 487445 }
2019-10-31 16:14:54: 31 { rss: 52916224,
  heapTotal: 38617088,
  heapUsed: 21398664,
  external: 487445 }
2019-10-31 16:14:54: 30 { rss: 52920320,
  heapTotal: 38617088,
  heapUsed: 21405368,
  external: 487445 }
2019-10-31 16:14:54: 29 { rss: 52920320,
  heapTotal: 38617088,
  heapUsed: 21411832,
  external: 487445 }
2019-10-31 16:14:54: 28 { rss: 52920320,
  heapTotal: 38617088,
  heapUsed: 21418568,
  external: 487445 }
2019-10-31 16:14:54: 27 { rss: 52920320,
  heapTotal: 38617088,
  heapUsed: 21425000,
  external: 487445 }
2019-10-31 16:14:54: 26 { rss: 52920320,
  heapTotal: 38617088,
  heapUsed: 21431736,
  external: 487445 }
2019-10-31 16:14:54: 25 { rss: 52920320,
  heapTotal: 38617088,
  heapUsed: 21438168,
  external: 487445 }
2019-10-31 16:14:54: 24 { rss: 52920320,
  heapTotal: 38617088,
  heapUsed: 21444904,
  external: 487445 }
2019-10-31 16:14:54: 23 { rss: 52920320,
  heapTotal: 38617088,
  heapUsed: 21451336,
  external: 487445 }
2019-10-31 16:14:54: 22 { rss: 52920320,
  heapTotal: 38617088,
  heapUsed: 21458040,
  external: 487445 }
2019-10-31 16:14:54: 21 { rss: 52920320,
  heapTotal: 38617088,
  heapUsed: 21464472,
  external: 487445 }
2019-10-31 16:14:54: 20 { rss: 52920320,
  heapTotal: 38617088,
  heapUsed: 21471208,
  external: 487445 }
2019-10-31 16:14:54: 19 { rss: 52920320,
  heapTotal: 38617088,
  heapUsed: 21477640,
  external: 487445 }
2019-10-31 16:14:54: 18 { rss: 52920320,
  heapTotal: 38617088,
  heapUsed: 21484376,
  external: 487445 }
2019-10-31 16:14:54: 17 { rss: 52920320,
  heapTotal: 38617088,
  heapUsed: 21490808,
  external: 487445 }
2019-10-31 16:14:54: 16 { rss: 52920320,
  heapTotal: 38617088,
  heapUsed: 21497544,
  external: 487445 }
2019-10-31 16:14:54: 15 { rss: 52920320,
  heapTotal: 38617088,
  heapUsed: 21503944,
  external: 487445 }
2019-10-31 16:14:54: 14 { rss: 52920320,
  heapTotal: 38617088,
  heapUsed: 21510680,
  external: 487445 }
2019-10-31 16:14:54: 13 { rss: 52920320,
  heapTotal: 38617088,
  heapUsed: 21517080,
  external: 487445 }
2019-10-31 16:14:54: 12 { rss: 52920320,
  heapTotal: 38617088,
  heapUsed: 21523816,
  external: 487445 }
2019-10-31 16:14:54: 11 { rss: 52920320,
  heapTotal: 38617088,
  heapUsed: 21530216,
  external: 487445 }
2019-10-31 16:14:54: 10 { rss: 52920320,
  heapTotal: 38617088,
  heapUsed: 21536952,
  external: 487445 }
2019-10-31 16:14:54: 9 { rss: 52920320,
  heapTotal: 38617088,
  heapUsed: 21543352,
  external: 487445 }
2019-10-31 16:14:54: 8 { rss: 52920320,
  heapTotal: 38617088,
  heapUsed: 21550056,
  external: 487445 }
2019-10-31 16:14:54: 7 { rss: 52920320,
  heapTotal: 38617088,
  heapUsed: 21556456,
  external: 487445 }
2019-10-31 16:14:54: 6 { rss: 52920320,
  heapTotal: 38617088,
  heapUsed: 21563160,
  external: 487445 }
2019-10-31 16:14:54: 5 { rss: 52920320,
  heapTotal: 38617088,
  heapUsed: 21569560,
  external: 487445 }
2019-10-31 16:14:54: 4 { rss: 52920320,
  heapTotal: 38617088,
  heapUsed: 21576264,
  external: 487445 }
2019-10-31 16:14:54: 3 { rss: 52920320,
  heapTotal: 38617088,
  heapUsed: 21582664,
  external: 487445 }
2019-10-31 16:14:54: 2 { rss: 52920320,
  heapTotal: 38617088,
  heapUsed: 21589448,
  external: 495637 }
2019-10-31 16:14:54: 1 { rss: 52920320,
  heapTotal: 38617088,
  heapUsed: 21595880,
  external: 495637 }
2019-10-31 16:14:54: connect to database successfully
2019-10-31 16:15:30: 2019-10-31T16:15:30+08:00
2019-10-31 16:16:30: 2019-10-31T16:16:30+08:00
2019-10-31 16:17:30: 2019-10-31T16:17:30+08:00
2019-10-31 16:18:30: 2019-10-31T16:18:30+08:00
2019-10-31 16:19:30: 2019-10-31T16:19:30+08:00
2019-10-31 16:20:44: init schedule tasks successfully
2019-10-31 16:20:44: connect to database successfully
2019-10-31 16:20:47: init schedule tasks successfully
2019-10-31 16:20:47: connect to database successfully
